{"timestamp": "2026-01-15T21:38:19.883562Z", "event_type": "created", "src_path": "/home/lab/lab_docs/a.txt", "dest_path": null}
{"timestamp": "2026-01-15T21:38:19.883678Z", "event_type": "modified", "src_path": "/home/lab/lab_docs/a.txt", "dest_path": null}
{"timestamp": "2026-01-15T21:38:19.888305Z", "event_type": "moved", "src_path": "/home/lab/lab_docs/a.txt", "dest_path": "/home/lab/lab_docs/b.txt"}
{"timestamp": "2026-01-15T21:38:19.895404Z", "event_type": "deleted", "src_path": "/home/lab/lab_docs/b.txt", "dest_path": null}
{"timestamp": "2026-01-16T12:50:06.624170Z", "event_type": "created", "src_path": "/home/lab/lab_docs/file0.txt", "dest_path": null}
{"timestamp": "2026-01-16T12:50:06.625880Z", "event_type": "modified", "src_path": "/home/lab/lab_docs/file0.txt", "dest_path": null}
{"timestamp": "2026-01-16T12:50:06.813753Z", "event_type": "created", "src_path": "/home/lab/lab_docs/file1.txt", "dest_path": null}
{"timestamp": "2026-01-16T12:50:06.813944Z", "event_type": "modified", "src_path": "/home/lab/lab_docs/file1.txt", "dest_path": null}
{"timestamp": "2026-01-16T12:50:07.013886Z", "event_type": "created", "src_path": "/home/lab/lab_docs/file2.txt", "dest_path": null}
{"timestamp": "2026-01-16T12:50:07.014040Z", "event_type": "modified", "src_path": "/home/lab/lab_docs/file2.txt", "dest_path": null}
{"timestamp": "2026-01-16T12:50:07.214586Z", "event_type": "created", "src_path": "/home/lab/lab_docs/file3.txt", "dest_path": null}
{"timestamp": "2026-01-16T12:50:07.214717Z", "event_type": "modified", "src_path": "/home/lab/lab_docs/file3.txt", "dest_path": null}
{"timestamp": "2026-01-16T12:50:07.414945Z", "event_type": "created", "src_path": "/home/lab/lab_docs/file4.txt", "dest_path": null}
{"timestamp": "2026-01-16T12:50:07.415070Z", "event_type": "modified", "src_path": "/home/lab/lab_docs/file4.txt", "dest_path": null}
{"timestamp": "2026-01-16T12:50:07.616243Z", "event_type": "moved", "src_path": "/home/lab/lab_docs/file0.txt", "dest_path": "/home/lab/lab_docs/file0.locked"}
{"timestamp": "2026-01-16T12:50:07.817372Z", "event_type": "moved", "src_path": "/home/lab/lab_docs/file1.txt", "dest_path": "/home/lab/lab_docs/file1.locked"}
{"timestamp": "2026-01-16T12:50:08.017652Z", "event_type": "moved", "src_path": "/home/lab/lab_docs/file2.txt", "dest_path": "/home/lab/lab_docs/file2.locked"}
{"timestamp": "2026-01-16T12:50:08.218336Z", "event_type": "moved", "src_path": "/home/lab/lab_docs/file3.txt", "dest_path": "/home/lab/lab_docs/file3.locked"}
{"timestamp": "2026-01-16T12:50:08.418317Z", "event_type": "moved", "src_path": "/home/lab/lab_docs/file4.txt", "dest_path": "/home/lab/lab_docs/file4.locked"}
{"timestamp": "2026-01-16T13:40:26.642056+00:00", "event_type": "created", "src_path": "/home/lab/lab_docs/file0.txt", "dest_path": null}
{"timestamp": "2026-01-16T13:40:26.642727+00:00", "event_type": "modified", "src_path": "/home/lab/lab_docs/file0.txt", "dest_path": null}
{"timestamp": "2026-01-16T13:40:26.843871+00:00", "event_type": "modified", "src_path": "/home/lab/lab_docs/file1.txt", "dest_path": null}
{"timestamp": "2026-01-16T13:40:27.044591+00:00", "event_type": "created", "src_path": "/home/lab/lab_docs/file2.txt", "dest_path": null}
{"timestamp": "2026-01-16T13:40:27.044732+00:00", "event_type": "modified", "src_path": "/home/lab/lab_docs/file2.txt", "dest_path": null}
{"timestamp": "2026-01-16T13:40:27.244974+00:00", "event_type": "created", "src_path": "/home/lab/lab_docs/file3.txt", "dest_path": null}
{"timestamp": "2026-01-16T13:40:27.245121+00:00", "event_type": "modified", "src_path": "/home/lab/lab_docs/file3.txt", "dest_path": null}
{"timestamp": "2026-01-16T13:40:27.450758+00:00", "event_type": "created", "src_path": "/home/lab/lab_docs/file4.txt", "dest_path": null}
{"timestamp": "2026-01-16T13:40:27.450862+00:00", "event_type": "modified", "src_path": "/home/lab/lab_docs/file4.txt", "dest_path": null}
{"timestamp": "2026-01-16T13:40:27.652090+00:00", "event_type": "moved", "src_path": "/home/lab/lab_docs/file0.txt", "dest_path": "/home/lab/lab_docs/file0.locked"}
{"timestamp": "2026-01-16T13:40:27.858863+00:00", "event_type": "moved", "src_path": "/home/lab/lab_docs/file1.txt", "dest_path": "/home/lab/lab_docs/file1.locked"}
{"timestamp": "2026-01-16T13:40:28.059905+00:00", "event_type": "moved", "src_path": "/home/lab/lab_docs/file2.txt", "dest_path": "/home/lab/lab_docs/file2.locked"}
{"timestamp": "2026-01-16T13:40:28.261272+00:00", "event_type": "moved", "src_path": "/home/lab/lab_docs/file3.txt", "dest_path": "/home/lab/lab_docs/file3.locked"}
{"timestamp": "2026-01-16T13:40:28.461117+00:00", "event_type": "moved", "src_path": "/home/lab/lab_docs/file4.txt", "dest_path": "/home/lab/lab_docs/file4.locked"}
{"timestamp": "2026-01-16T15:02:41.714560+00:00", "event_type": "deleted", "src_path": "/home/lab/lab_docs/file0.locked", "dest_path": null}
{"timestamp": "2026-01-16T15:02:45.210195+00:00", "event_type": "deleted", "src_path": "/home/lab/lab_docs/file1.locked", "dest_path": null}
{"timestamp": "2026-01-16T15:03:01.676004+00:00", "event_type": "created", "src_path": "/home/lab/lab_docs/file0.txt", "dest_path": null}
{"timestamp": "2026-01-16T15:03:01.676168+00:00", "event_type": "modified", "src_path": "/home/lab/lab_docs/file0.txt", "dest_path": null}
{"timestamp": "2026-01-16T15:03:01.877150+00:00", "event_type": "created", "src_path": "/home/lab/lab_docs/file1.txt", "dest_path": null}
{"timestamp": "2026-01-16T15:03:01.877473+00:00", "event_type": "modified", "src_path": "/home/lab/lab_docs/file1.txt", "dest_path": null}
{"timestamp": "2026-01-16T15:03:02.078076+00:00", "event_type": "created", "src_path": "/home/lab/lab_docs/file2.txt", "dest_path": null}
{"timestamp": "2026-01-16T15:03:02.078544+00:00", "event_type": "modified", "src_path": "/home/lab/lab_docs/file2.txt", "dest_path": null}
{"timestamp": "2026-01-16T15:03:02.277866+00:00", "event_type": "created", "src_path": "/home/lab/lab_docs/file3.txt", "dest_path": null}
{"timestamp": "2026-01-16T15:03:02.277978+00:00", "event_type": "modified", "src_path": "/home/lab/lab_docs/file3.txt", "dest_path": null}
{"timestamp": "2026-01-16T15:03:02.478941+00:00", "event_type": "created", "src_path": "/home/lab/lab_docs/file4.txt", "dest_path": null}
{"timestamp": "2026-01-16T15:03:02.479034+00:00", "event_type": "modified", "src_path": "/home/lab/lab_docs/file4.txt", "dest_path": null}
{"timestamp": "2026-01-16T15:03:02.678972+00:00", "event_type": "moved", "src_path": "/home/lab/lab_docs/file0.txt", "dest_path": "/home/lab/lab_docs/file0.locked"}
{"timestamp": "2026-01-16T15:03:02.880811+00:00", "event_type": "moved", "src_path": "/home/lab/lab_docs/file1.txt", "dest_path": "/home/lab/lab_docs/file1.locked"}
{"timestamp": "2026-01-16T15:03:03.080824+00:00", "event_type": "moved", "src_path": "/home/lab/lab_docs/file2.txt", "dest_path": "/home/lab/lab_docs/file2.locked"}
{"timestamp": "2026-01-16T15:03:03.281456+00:00", "event_type": "moved", "src_path": "/home/lab/lab_docs/file3.txt", "dest_path": "/home/lab/lab_docs/file3.locked"}
{"timestamp": "2026-01-16T15:03:03.481698+00:00", "event_type": "moved", "src_path": "/home/lab/lab_docs/file4.txt", "dest_path": "/home/lab/lab_docs/file4.locked"}
{"timestamp": "2026-01-17T06:33:21.101954+00:00", "event_type": "created", "src_path": "/home/lab/lab_docs/file0.txt", "dest_path": null}
{"timestamp": "2026-01-17T06:33:21.102787+00:00", "event_type": "modified", "src_path": "/home/lab/lab_docs/file0.txt", "dest_path": null}
{"timestamp": "2026-01-17T06:33:21.302399+00:00", "event_type": "created", "src_path": "/home/lab/lab_docs/file1.txt", "dest_path": null}
{"timestamp": "2026-01-17T06:33:21.302536+00:00", "event_type": "modified", "src_path": "/home/lab/lab_docs/file1.txt", "dest_path": null}
{"timestamp": "2026-01-17T06:33:21.503590+00:00", "event_type": "created", "src_path": "/home/lab/lab_docs/file2.txt", "dest_path": null}
{"timestamp": "2026-01-17T06:33:21.503837+00:00", "event_type": "modified", "src_path": "/home/lab/lab_docs/file2.txt", "dest_path": null}
{"timestamp": "2026-01-17T06:33:21.704906+00:00", "event_type": "created", "src_path": "/home/lab/lab_docs/file3.txt", "dest_path": null}
{"timestamp": "2026-01-17T06:33:21.705345+00:00", "event_type": "modified", "src_path": "/home/lab/lab_docs/file3.txt", "dest_path": null}
{"timestamp": "2026-01-17T06:33:21.905239+00:00", "event_type": "created", "src_path": "/home/lab/lab_docs/file4.txt", "dest_path": null}
{"timestamp": "2026-01-17T06:33:21.905560+00:00", "event_type": "modified", "src_path": "/home/lab/lab_docs/file4.txt", "dest_path": null}
{"timestamp": "2026-01-17T06:33:22.105608+00:00", "event_type": "moved", "src_path": "/home/lab/lab_docs/file0.txt", "dest_path": "/home/lab/lab_docs/file0.locked"}
{"timestamp": "2026-01-17T06:36:56.392570+00:00", "event_type": "created", "src_path": "/home/lab/lab_docs/file0.txt", "dest_path": null}
{"timestamp": "2026-01-17T06:36:56.393041+00:00", "event_type": "modified", "src_path": "/home/lab/lab_docs/file0.txt", "dest_path": null}
{"timestamp": "2026-01-17T06:36:56.593250+00:00", "event_type": "created", "src_path": "/home/lab/lab_docs/file1.txt", "dest_path": null}
{"timestamp": "2026-01-17T06:36:56.593445+00:00", "event_type": "modified", "src_path": "/home/lab/lab_docs/file1.txt", "dest_path": null}
{"timestamp": "2026-01-17T06:36:56.794807+00:00", "event_type": "created", "src_path": "/home/lab/lab_docs/file2.txt", "dest_path": null}
{"timestamp": "2026-01-17T06:36:56.795354+00:00", "event_type": "modified", "src_path": "/home/lab/lab_docs/file2.txt", "dest_path": null}
{"timestamp": "2026-01-17T06:36:56.995408+00:00", "event_type": "created", "src_path": "/home/lab/lab_docs/file3.txt", "dest_path": null}
{"timestamp": "2026-01-17T06:36:56.995636+00:00", "event_type": "modified", "src_path": "/home/lab/lab_docs/file3.txt", "dest_path": null}
{"timestamp": "2026-01-17T06:36:57.195677+00:00", "event_type": "created", "src_path": "/home/lab/lab_docs/file4.txt", "dest_path": null}
{"timestamp": "2026-01-17T06:36:57.195920+00:00", "event_type": "modified", "src_path": "/home/lab/lab_docs/file4.txt", "dest_path": null}
{"timestamp": "2026-01-17T06:36:57.395663+00:00", "event_type": "moved", "src_path": "/home/lab/lab_docs/file0.txt", "dest_path": "/home/lab/lab_docs/file0.locked"}
{"timestamp": "2026-01-17T06:38:48.082861+00:00", "event_type": "created", "src_path": "/home/lab/lab_docs/data_0.txt", "dest_path": null}
{"timestamp": "2026-01-17T06:38:48.084090+00:00", "event_type": "modified", "src_path": "/home/lab/lab_docs/data_0.txt", "dest_path": null}
{"timestamp": "2026-01-17T06:38:48.084187+00:00", "event_type": "created", "src_path": "/home/lab/lab_docs/data_1.txt", "dest_path": null}
{"timestamp": "2026-01-17T06:38:48.084223+00:00", "event_type": "modified", "src_path": "/home/lab/lab_docs/data_1.txt", "dest_path": null}
{"timestamp": "2026-01-17T06:38:48.084249+00:00", "event_type": "created", "src_path": "/home/lab/lab_docs/data_2.txt", "dest_path": null}
{"timestamp": "2026-01-17T06:38:48.084274+00:00", "event_type": "modified", "src_path": "/home/lab/lab_docs/data_2.txt", "dest_path": null}
{"timestamp": "2026-01-17T06:38:48.084299+00:00", "event_type": "created", "src_path": "/home/lab/lab_docs/data_3.txt", "dest_path": null}
{"timestamp": "2026-01-17T06:38:48.084323+00:00", "event_type": "modified", "src_path": "/home/lab/lab_docs/data_3.txt", "dest_path": null}
{"timestamp": "2026-01-17T06:38:48.084346+00:00", "event_type": "created", "src_path": "/home/lab/lab_docs/data_4.txt", "dest_path": null}
{"timestamp": "2026-01-17T06:38:48.084374+00:00", "event_type": "modified", "src_path": "/home/lab/lab_docs/data_4.txt", "dest_path": null}
{"timestamp": "2026-01-17T06:38:48.084398+00:00", "event_type": "created", "src_path": "/home/lab/lab_docs/data_5.txt", "dest_path": null}
{"timestamp": "2026-01-17T06:38:48.084422+00:00", "event_type": "modified", "src_path": "/home/lab/lab_docs/data_5.txt", "dest_path": null}
{"timestamp": "2026-01-17T06:38:48.084445+00:00", "event_type": "created", "src_path": "/home/lab/lab_docs/data_6.txt", "dest_path": null}
{"timestamp": "2026-01-17T06:38:48.084469+00:00", "event_type": "modified", "src_path": "/home/lab/lab_docs/data_6.txt", "dest_path": null}
{"timestamp": "2026-01-17T06:38:48.084495+00:00", "event_type": "created", "src_path": "/home/lab/lab_docs/data_7.txt", "dest_path": null}
{"timestamp": "2026-01-17T06:38:48.084523+00:00", "event_type": "modified", "src_path": "/home/lab/lab_docs/data_7.txt", "dest_path": null}
{"timestamp": "2026-01-17T06:38:48.084546+00:00", "event_type": "created", "src_path": "/home/lab/lab_docs/data_8.txt", "dest_path": null}
{"timestamp": "2026-01-17T06:38:48.084568+00:00", "event_type": "modified", "src_path": "/home/lab/lab_docs/data_8.txt", "dest_path": null}
{"timestamp": "2026-01-17T06:38:48.084592+00:00", "event_type": "created", "src_path": "/home/lab/lab_docs/data_9.txt", "dest_path": null}
{"timestamp": "2026-01-17T06:38:48.084614+00:00", "event_type": "modified", "src_path": "/home/lab/lab_docs/data_9.txt", "dest_path": null}
{"timestamp": "2026-01-17T06:38:48.084639+00:00", "event_type": "created", "src_path": "/home/lab/lab_docs/data_10.txt", "dest_path": null}
{"timestamp": "2026-01-17T06:38:48.084662+00:00", "event_type": "modified", "src_path": "/home/lab/lab_docs/data_10.txt", "dest_path": null}
{"timestamp": "2026-01-17T06:38:48.084685+00:00", "event_type": "created", "src_path": "/home/lab/lab_docs/data_11.txt", "dest_path": null}
{"timestamp": "2026-01-17T06:38:48.084707+00:00", "event_type": "modified", "src_path": "/home/lab/lab_docs/data_11.txt", "dest_path": null}
{"timestamp": "2026-01-17T06:38:48.084729+00:00", "event_type": "created", "src_path": "/home/lab/lab_docs/data_12.txt", "dest_path": null}
{"timestamp": "2026-01-17T06:38:48.084754+00:00", "event_type": "modified", "src_path": "/home/lab/lab_docs/data_12.txt", "dest_path": null}
{"timestamp": "2026-01-17T06:38:48.084777+00:00", "event_type": "created", "src_path": "/home/lab/lab_docs/data_13.txt", "dest_path": null}
{"timestamp": "2026-01-17T06:38:48.084799+00:00", "event_type": "modified", "src_path": "/home/lab/lab_docs/data_13.txt", "dest_path": null}
{"timestamp": "2026-01-17T06:38:48.084821+00:00", "event_type": "created", "src_path": "/home/lab/lab_docs/data_14.txt", "dest_path": null}
{"timestamp": "2026-01-17T06:38:48.084845+00:00", "event_type": "modified", "src_path": "/home/lab/lab_docs/data_14.txt", "dest_path": null}
{"timestamp": "2026-01-17T06:38:48.084866+00:00", "event_type": "created", "src_path": "/home/lab/lab_docs/data_15.txt", "dest_path": null}
{"timestamp": "2026-01-17T06:38:48.084888+00:00", "event_type": "modified", "src_path": "/home/lab/lab_docs/data_15.txt", "dest_path": null}
{"timestamp": "2026-01-17T06:38:48.084910+00:00", "event_type": "created", "src_path": "/home/lab/lab_docs/data_16.txt", "dest_path": null}
{"timestamp": "2026-01-17T06:38:48.084932+00:00", "event_type": "modified", "src_path": "/home/lab/lab_docs/data_16.txt", "dest_path": null}
{"timestamp": "2026-01-17T06:38:48.084954+00:00", "event_type": "created", "src_path": "/home/lab/lab_docs/data_17.txt", "dest_path": null}
{"timestamp": "2026-01-17T06:38:48.084976+00:00", "event_type": "modified", "src_path": "/home/lab/lab_docs/data_17.txt", "dest_path": null}
{"timestamp": "2026-01-17T06:38:48.084998+00:00", "event_type": "created", "src_path": "/home/lab/lab_docs/data_18.txt", "dest_path": null}
{"timestamp": "2026-01-17T06:38:48.085020+00:00", "event_type": "modified", "src_path": "/home/lab/lab_docs/data_18.txt", "dest_path": null}
{"timestamp": "2026-01-17T06:38:48.085041+00:00", "event_type": "created", "src_path": "/home/lab/lab_docs/data_19.txt", "dest_path": null}
{"timestamp": "2026-01-17T06:38:48.085064+00:00", "event_type": "modified", "src_path": "/home/lab/lab_docs/data_19.txt", "dest_path": null}
{"timestamp": "2026-01-17T06:38:48.085122+00:00", "event_type": "modified", "src_path": "/home/lab/lab_docs/data_0.txt", "dest_path": null}
{"timestamp": "2026-01-17T06:38:48.085156+00:00", "event_type": "modified", "src_path": "/home/lab/lab_docs/data_1.txt", "dest_path": null}
{"timestamp": "2026-01-17T06:38:48.085181+00:00", "event_type": "modified", "src_path": "/home/lab/lab_docs/data_2.txt", "dest_path": null}
{"timestamp": "2026-01-17T06:38:48.085206+00:00", "event_type": "modified", "src_path": "/home/lab/lab_docs/data_3.txt", "dest_path": null}
{"timestamp": "2026-01-17T06:38:48.085233+00:00", "event_type": "modified", "src_path": "/home/lab/lab_docs/data_4.txt", "dest_path": null}
{"timestamp": "2026-01-17T06:38:48.085259+00:00", "event_type": "modified", "src_path": "/home/lab/lab_docs/data_5.txt", "dest_path": null}
{"timestamp": "2026-01-17T06:38:48.085283+00:00", "event_type": "modified", "src_path": "/home/lab/lab_docs/data_6.txt", "dest_path": null}
{"timestamp": "2026-01-17T06:38:48.085309+00:00", "event_type": "modified", "src_path": "/home/lab/lab_docs/data_7.txt", "dest_path": null}
{"timestamp": "2026-01-17T06:38:48.085333+00:00", "event_type": "modified", "src_path": "/home/lab/lab_docs/data_8.txt", "dest_path": null}
{"timestamp": "2026-01-17T06:38:48.085358+00:00", "event_type": "modified", "src_path": "/home/lab/lab_docs/data_9.txt", "dest_path": null}
{"timestamp": "2026-01-17T06:38:48.085382+00:00", "event_type": "modified", "src_path": "/home/lab/lab_docs/data_10.txt", "dest_path": null}
{"timestamp": "2026-01-17T06:38:48.085406+00:00", "event_type": "modified", "src_path": "/home/lab/lab_docs/data_11.txt", "dest_path": null}
{"timestamp": "2026-01-17T06:38:48.085431+00:00", "event_type": "modified", "src_path": "/home/lab/lab_docs/data_12.txt", "dest_path": null}
{"timestamp": "2026-01-17T06:38:48.085663+00:00", "event_type": "modified", "src_path": "/home/lab/lab_docs/data_12.txt", "dest_path": null}
{"timestamp": "2026-01-17T06:38:48.085698+00:00", "event_type": "modified", "src_path": "/home/lab/lab_docs/data_13.txt", "dest_path": null}
{"timestamp": "2026-01-17T06:38:48.085726+00:00", "event_type": "modified", "src_path": "/home/lab/lab_docs/data_14.txt", "dest_path": null}
{"timestamp": "2026-01-17T06:38:48.085751+00:00", "event_type": "modified", "src_path": "/home/lab/lab_docs/data_15.txt", "dest_path": null}
{"timestamp": "2026-01-17T06:38:48.085778+00:00", "event_type": "modified", "src_path": "/home/lab/lab_docs/data_16.txt", "dest_path": null}
{"timestamp": "2026-01-17T06:38:48.085823+00:00", "event_type": "modified", "src_path": "/home/lab/lab_docs/data_17.txt", "dest_path": null}
{"timestamp": "2026-01-17T06:38:48.085854+00:00", "event_type": "modified", "src_path": "/home/lab/lab_docs/data_18.txt", "dest_path": null}
{"timestamp": "2026-01-17T06:38:48.085890+00:00", "event_type": "modified", "src_path": "/home/lab/lab_docs/data_19.txt", "dest_path": null}
{"timestamp": "2026-01-17T06:38:48.085918+00:00", "event_type": "moved", "src_path": "/home/lab/lab_docs/data_0.txt", "dest_path": "/home/lab/lab_docs/data_0.txt.locked"}
{"timestamp": "2026-01-17T06:38:48.085944+00:00", "event_type": "moved", "src_path": "/home/lab/lab_docs/data_1.txt", "dest_path": "/home/lab/lab_docs/data_1.txt.locked"}
{"timestamp": "2026-01-17T06:38:48.085968+00:00", "event_type": "moved", "src_path": "/home/lab/lab_docs/data_2.txt", "dest_path": "/home/lab/lab_docs/data_2.txt.locked"}
{"timestamp": "2026-01-17T06:38:48.085991+00:00", "event_type": "moved", "src_path": "/home/lab/lab_docs/data_3.txt", "dest_path": "/home/lab/lab_docs/data_3.txt.locked"}
{"timestamp": "2026-01-17T06:38:48.086015+00:00", "event_type": "moved", "src_path": "/home/lab/lab_docs/data_4.txt", "dest_path": "/home/lab/lab_docs/data_4.txt.locked"}
{"timestamp": "2026-01-17T06:38:48.086038+00:00", "event_type": "moved", "src_path": "/home/lab/lab_docs/data_5.txt", "dest_path": "/home/lab/lab_docs/data_5.txt.locked"}
{"timestamp": "2026-01-17T06:38:48.086061+00:00", "event_type": "moved", "src_path": "/home/lab/lab_docs/data_6.txt", "dest_path": "/home/lab/lab_docs/data_6.txt.locked"}
{"timestamp": "2026-01-17T06:38:48.086093+00:00", "event_type": "moved", "src_path": "/home/lab/lab_docs/data_7.txt", "dest_path": "/home/lab/lab_docs/data_7.txt.locked"}
{"timestamp": "2026-01-17T06:38:48.086120+00:00", "event_type": "moved", "src_path": "/home/lab/lab_docs/data_8.txt", "dest_path": "/home/lab/lab_docs/data_8.txt.locked"}
{"timestamp": "2026-01-17T06:38:48.086144+00:00", "event_type": "moved", "src_path": "/home/lab/lab_docs/data_9.txt", "dest_path": "/home/lab/lab_docs/data_9.txt.locked"}
{"timestamp": "2026-01-17T06:38:48.086174+00:00", "event_type": "moved", "src_path": "/home/lab/lab_docs/data_10.txt", "dest_path": "/home/lab/lab_docs/data_10.txt.locked"}
{"timestamp": "2026-01-17T06:38:48.086209+00:00", "event_type": "moved", "src_path": "/home/lab/lab_docs/data_11.txt", "dest_path": "/home/lab/lab_docs/data_11.txt.locked"}
{"timestamp": "2026-01-17T06:38:48.086232+00:00", "event_type": "moved", "src_path": "/home/lab/lab_docs/data_12.txt", "dest_path": "/home/lab/lab_docs/data_12.txt.locked"}
{"timestamp": "2026-01-17T06:38:48.086259+00:00", "event_type": "moved", "src_path": "/home/lab/lab_docs/data_13.txt", "dest_path": "/home/lab/lab_docs/data_13.txt.locked"}
{"timestamp": "2026-01-17T06:38:48.086294+00:00", "event_type": "moved", "src_path": "/home/lab/lab_docs/data_14.txt", "dest_path": "/home/lab/lab_docs/data_14.txt.locked"}
{"timestamp": "2026-01-17T06:38:48.086332+00:00", "event_type": "moved", "src_path": "/home/lab/lab_docs/data_15.txt", "dest_path": "/home/lab/lab_docs/data_15.txt.locked"}
{"timestamp": "2026-01-17T06:38:48.086367+00:00", "event_type": "moved", "src_path": "/home/lab/lab_docs/data_16.txt", "dest_path": "/home/lab/lab_docs/data_16.txt.locked"}
{"timestamp": "2026-01-17T06:38:48.086401+00:00", "event_type": "moved", "src_path": "/home/lab/lab_docs/data_17.txt", "dest_path": "/home/lab/lab_docs/data_17.txt.locked"}
{"timestamp": "2026-01-17T06:38:48.086434+00:00", "event_type": "moved", "src_path": "/home/lab/lab_docs/data_18.txt", "dest_path": "/home/lab/lab_docs/data_18.txt.locked"}
{"timestamp": "2026-01-17T06:38:48.086463+00:00", "event_type": "moved", "src_path": "/home/lab/lab_docs/data_19.txt", "dest_path": "/home/lab/lab_docs/data_19.txt.locked"}
{"timestamp": "2026-01-17T06:38:48.086488+00:00", "event_type": "deleted", "src_path": "/home/lab/lab_docs/data_0.txt.locked", "dest_path": null}
{"timestamp": "2026-01-17T06:38:48.086512+00:00", "event_type": "deleted", "src_path": "/home/lab/lab_docs/data_1.txt.locked", "dest_path": null}
{"timestamp": "2026-01-17T06:38:48.086536+00:00", "event_type": "deleted", "src_path": "/home/lab/lab_docs/data_2.txt.locked", "dest_path": null}
{"timestamp": "2026-01-17T06:38:48.086563+00:00", "event_type": "deleted", "src_path": "/home/lab/lab_docs/data_3.txt.locked", "dest_path": null}
{"timestamp": "2026-01-17T06:38:48.086587+00:00", "event_type": "deleted", "src_path": "/home/lab/lab_docs/data_4.txt.locked", "dest_path": null}
{"timestamp": "2026-01-17T06:38:48.086610+00:00", "event_type": "deleted", "src_path": "/home/lab/lab_docs/data_5.txt.locked", "dest_path": null}
{"timestamp": "2026-01-17T06:38:48.086878+00:00", "event_type": "deleted", "src_path": "/home/lab/lab_docs/data_6.txt.locked", "dest_path": null}
{"timestamp": "2026-01-17T06:38:48.086925+00:00", "event_type": "deleted", "src_path": "/home/lab/lab_docs/data_7.txt.locked", "dest_path": null}
{"timestamp": "2026-01-17T06:38:48.086963+00:00", "event_type": "deleted", "src_path": "/home/lab/lab_docs/data_8.txt.locked", "dest_path": null}
{"timestamp": "2026-01-17T06:38:48.087168+00:00", "event_type": "deleted", "src_path": "/home/lab/lab_docs/data_9.txt.locked", "dest_path": null}
{"timestamp": "2026-01-17T07:48:08.020126+00:00", "event_type": "created", "src_path": "/home/lab/lab_docs/data_0.txt", "dest_path": null}
{"timestamp": "2026-01-17T07:48:08.020857+00:00", "event_type": "modified", "src_path": "/home/lab/lab_docs/data_0.txt", "dest_path": null}
{"timestamp": "2026-01-17T07:48:08.021157+00:00", "event_type": "created", "src_path": "/home/lab/lab_docs/data_1.txt", "dest_path": null}
{"timestamp": "2026-01-17T07:48:08.021540+00:00", "event_type": "modified", "src_path": "/home/lab/lab_docs/data_1.txt", "dest_path": null}
{"timestamp": "2026-01-17T07:48:08.022066+00:00", "event_type": "created", "src_path": "/home/lab/lab_docs/data_2.txt", "dest_path": null}
{"timestamp": "2026-01-17T07:48:08.022276+00:00", "event_type": "modified", "src_path": "/home/lab/lab_docs/data_2.txt", "dest_path": null}
{"timestamp": "2026-01-17T07:48:08.022422+00:00", "event_type": "created", "src_path": "/home/lab/lab_docs/data_3.txt", "dest_path": null}
{"timestamp": "2026-01-17T07:48:08.023278+00:00", "event_type": "modified", "src_path": "/home/lab/lab_docs/data_3.txt", "dest_path": null}
{"timestamp": "2026-01-17T07:48:08.024443+00:00", "event_type": "created", "src_path": "/home/lab/lab_docs/data_4.txt", "dest_path": null}
{"timestamp": "2026-01-17T07:48:08.024670+00:00", "event_type": "modified", "src_path": "/home/lab/lab_docs/data_4.txt", "dest_path": null}
{"timestamp": "2026-01-17T07:48:08.024714+00:00", "event_type": "created", "src_path": "/home/lab/lab_docs/data_5.txt", "dest_path": null}
{"timestamp": "2026-01-17T07:48:08.024742+00:00", "event_type": "modified", "src_path": "/home/lab/lab_docs/data_5.txt", "dest_path": null}
{"timestamp": "2026-01-17T07:48:08.024768+00:00", "event_type": "created", "src_path": "/home/lab/lab_docs/data_6.txt", "dest_path": null}
{"timestamp": "2026-01-17T07:48:08.025173+00:00", "event_type": "modified", "src_path": "/home/lab/lab_docs/data_6.txt", "dest_path": null}
{"timestamp": "2026-01-17T07:48:08.025210+00:00", "event_type": "created", "src_path": "/home/lab/lab_docs/data_7.txt", "dest_path": null}
{"timestamp": "2026-01-17T07:48:08.025236+00:00", "event_type": "modified", "src_path": "/home/lab/lab_docs/data_7.txt", "dest_path": null}
{"timestamp": "2026-01-17T07:48:08.025261+00:00", "event_type": "created", "src_path": "/home/lab/lab_docs/data_8.txt", "dest_path": null}
{"timestamp": "2026-01-17T07:48:08.025290+00:00", "event_type": "modified", "src_path": "/home/lab/lab_docs/data_8.txt", "dest_path": null}
{"timestamp": "2026-01-17T07:48:08.025313+00:00", "event_type": "created", "src_path": "/home/lab/lab_docs/data_9.txt", "dest_path": null}
{"timestamp": "2026-01-17T07:48:08.025337+00:00", "event_type": "modified", "src_path": "/home/lab/lab_docs/data_9.txt", "dest_path": null}
{"timestamp": "2026-01-17T07:48:08.025361+00:00", "event_type": "created", "src_path": "/home/lab/lab_docs/data_10.txt", "dest_path": null}
{"timestamp": "2026-01-17T07:48:08.025384+00:00", "event_type": "modified", "src_path": "/home/lab/lab_docs/data_10.txt", "dest_path": null}
{"timestamp": "2026-01-17T07:48:08.025407+00:00", "event_type": "created", "src_path": "/home/lab/lab_docs/data_11.txt", "dest_path": null}
{"timestamp": "2026-01-17T07:48:08.025432+00:00", "event_type": "modified", "src_path": "/home/lab/lab_docs/data_11.txt", "dest_path": null}
{"timestamp": "2026-01-17T07:48:08.025456+00:00", "event_type": "created", "src_path": "/home/lab/lab_docs/data_12.txt", "dest_path": null}
{"timestamp": "2026-01-17T07:48:08.025479+00:00", "event_type": "modified", "src_path": "/home/lab/lab_docs/data_12.txt", "dest_path": null}
{"timestamp": "2026-01-17T07:48:08.025501+00:00", "event_type": "created", "src_path": "/home/lab/lab_docs/data_13.txt", "dest_path": null}
{"timestamp": "2026-01-17T07:48:08.025525+00:00", "event_type": "modified", "src_path": "/home/lab/lab_docs/data_13.txt", "dest_path": null}
{"timestamp": "2026-01-17T07:48:08.025549+00:00", "event_type": "created", "src_path": "/home/lab/lab_docs/data_14.txt", "dest_path": null}
{"timestamp": "2026-01-17T07:48:08.025573+00:00", "event_type": "modified", "src_path": "/home/lab/lab_docs/data_14.txt", "dest_path": null}
{"timestamp": "2026-01-17T07:48:08.025595+00:00", "event_type": "created", "src_path": "/home/lab/lab_docs/data_15.txt", "dest_path": null}
{"timestamp": "2026-01-17T07:48:08.025618+00:00", "event_type": "modified", "src_path": "/home/lab/lab_docs/data_15.txt", "dest_path": null}
{"timestamp": "2026-01-17T07:48:08.025640+00:00", "event_type": "created", "src_path": "/home/lab/lab_docs/data_16.txt", "dest_path": null}
{"timestamp": "2026-01-17T07:48:08.025664+00:00", "event_type": "modified", "src_path": "/home/lab/lab_docs/data_16.txt", "dest_path": null}
{"timestamp": "2026-01-17T07:48:08.025686+00:00", "event_type": "created", "src_path": "/home/lab/lab_docs/data_17.txt", "dest_path": null}
{"timestamp": "2026-01-17T07:48:08.025715+00:00", "event_type": "modified", "src_path": "/home/lab/lab_docs/data_17.txt", "dest_path": null}
{"timestamp": "2026-01-17T07:48:08.025783+00:00", "event_type": "created", "src_path": "/home/lab/lab_docs/data_18.txt", "dest_path": null}
{"timestamp": "2026-01-17T07:48:08.025813+00:00", "event_type": "modified", "src_path": "/home/lab/lab_docs/data_18.txt", "dest_path": null}
{"timestamp": "2026-01-17T07:48:08.025838+00:00", "event_type": "created", "src_path": "/home/lab/lab_docs/data_19.txt", "dest_path": null}
{"timestamp": "2026-01-17T07:48:08.025862+00:00", "event_type": "modified", "src_path": "/home/lab/lab_docs/data_19.txt", "dest_path": null}
{"timestamp": "2026-01-17T07:48:08.025888+00:00", "event_type": "modified", "src_path": "/home/lab/lab_docs/data_0.txt", "dest_path": null}
{"timestamp": "2026-01-17T07:48:08.025914+00:00", "event_type": "modified", "src_path": "/home/lab/lab_docs/data_1.txt", "dest_path": null}
{"timestamp": "2026-01-17T07:48:08.025940+00:00", "event_type": "modified", "src_path": "/home/lab/lab_docs/data_2.txt", "dest_path": null}
{"timestamp": "2026-01-17T07:48:08.025980+00:00", "event_type": "modified", "src_path": "/home/lab/lab_docs/data_3.txt", "dest_path": null}
{"timestamp": "2026-01-17T07:48:08.026008+00:00", "event_type": "modified", "src_path": "/home/lab/lab_docs/data_4.txt", "dest_path": null}
{"timestamp": "2026-01-17T07:48:08.026034+00:00", "event_type": "modified", "src_path": "/home/lab/lab_docs/data_5.txt", "dest_path": null}
{"timestamp": "2026-01-17T07:48:08.026061+00:00", "event_type": "modified", "src_path": "/home/lab/lab_docs/data_6.txt", "dest_path": null}
{"timestamp": "2026-01-17T07:48:08.026087+00:00", "event_type": "modified", "src_path": "/home/lab/lab_docs/data_7.txt", "dest_path": null}
{"timestamp": "2026-01-17T07:48:08.026114+00:00", "event_type": "modified", "src_path": "/home/lab/lab_docs/data_8.txt", "dest_path": null}
{"timestamp": "2026-01-17T07:48:08.026142+00:00", "event_type": "modified", "src_path": "/home/lab/lab_docs/data_9.txt", "dest_path": null}
{"timestamp": "2026-01-17T07:48:08.026170+00:00", "event_type": "modified", "src_path": "/home/lab/lab_docs/data_10.txt", "dest_path": null}
{"timestamp": "2026-01-17T07:48:08.026197+00:00", "event_type": "modified", "src_path": "/home/lab/lab_docs/data_11.txt", "dest_path": null}
{"timestamp": "2026-01-17T07:48:08.026223+00:00", "event_type": "modified", "src_path": "/home/lab/lab_docs/data_12.txt", "dest_path": null}
{"timestamp": "2026-01-17T07:48:08.026249+00:00", "event_type": "modified", "src_path": "/home/lab/lab_docs/data_13.txt", "dest_path": null}
{"timestamp": "2026-01-17T07:48:08.026275+00:00", "event_type": "modified", "src_path": "/home/lab/lab_docs/data_14.txt", "dest_path": null}
{"timestamp": "2026-01-17T07:48:08.026304+00:00", "event_type": "modified", "src_path": "/home/lab/lab_docs/data_15.txt", "dest_path": null}
{"timestamp": "2026-01-17T07:48:08.026331+00:00", "event_type": "modified", "src_path": "/home/lab/lab_docs/data_16.txt", "dest_path": null}
{"timestamp": "2026-01-17T07:48:08.026357+00:00", "event_type": "modified", "src_path": "/home/lab/lab_docs/data_17.txt", "dest_path": null}
{"timestamp": "2026-01-17T07:48:08.026385+00:00", "event_type": "modified", "src_path": "/home/lab/lab_docs/data_18.txt", "dest_path": null}
{"timestamp": "2026-01-17T07:48:08.026410+00:00", "event_type": "modified", "src_path": "/home/lab/lab_docs/data_19.txt", "dest_path": null}
{"timestamp": "2026-01-17T07:48:08.026435+00:00", "event_type": "moved", "src_path": "/home/lab/lab_docs/data_0.txt", "dest_path": "/home/lab/lab_docs/data_0.txt.locked"}
{"timestamp": "2026-01-17T07:48:08.026459+00:00", "event_type": "moved", "src_path": "/home/lab/lab_docs/data_1.txt", "dest_path": "/home/lab/lab_docs/data_1.txt.locked"}
{"timestamp": "2026-01-17T07:48:08.026482+00:00", "event_type": "moved", "src_path": "/home/lab/lab_docs/data_2.txt", "dest_path": "/home/lab/lab_docs/data_2.txt.locked"}
{"timestamp": "2026-01-17T07:48:08.026505+00:00", "event_type": "moved", "src_path": "/home/lab/lab_docs/data_3.txt", "dest_path": "/home/lab/lab_docs/data_3.txt.locked"}
{"timestamp": "2026-01-17T07:48:08.026531+00:00", "event_type": "moved", "src_path": "/home/lab/lab_docs/data_4.txt", "dest_path": "/home/lab/lab_docs/data_4.txt.locked"}
{"timestamp": "2026-01-17T07:48:08.026555+00:00", "event_type": "moved", "src_path": "/home/lab/lab_docs/data_5.txt", "dest_path": "/home/lab/lab_docs/data_5.txt.locked"}
{"timestamp": "2026-01-17T07:48:08.026577+00:00", "event_type": "moved", "src_path": "/home/lab/lab_docs/data_6.txt", "dest_path": "/home/lab/lab_docs/data_6.txt.locked"}
{"timestamp": "2026-01-17T07:48:08.026598+00:00", "event_type": "moved", "src_path": "/home/lab/lab_docs/data_7.txt", "dest_path": "/home/lab/lab_docs/data_7.txt.locked"}
{"timestamp": "2026-01-17T07:48:08.026648+00:00", "event_type": "moved", "src_path": "/home/lab/lab_docs/data_8.txt", "dest_path": "/home/lab/lab_docs/data_8.txt.locked"}
{"timestamp": "2026-01-17T07:48:08.026677+00:00", "event_type": "moved", "src_path": "/home/lab/lab_docs/data_9.txt", "dest_path": "/home/lab/lab_docs/data_9.txt.locked"}
{"timestamp": "2026-01-17T07:48:08.026703+00:00", "event_type": "moved", "src_path": "/home/lab/lab_docs/data_10.txt", "dest_path": "/home/lab/lab_docs/data_10.txt.locked"}
{"timestamp": "2026-01-17T07:48:08.026727+00:00", "event_type": "moved", "src_path": "/home/lab/lab_docs/data_11.txt", "dest_path": "/home/lab/lab_docs/data_11.txt.locked"}
{"timestamp": "2026-01-17T07:48:08.026769+00:00", "event_type": "moved", "src_path": "/home/lab/lab_docs/data_12.txt", "dest_path": "/home/lab/lab_docs/data_12.txt.locked"}
{"timestamp": "2026-01-17T07:48:08.026796+00:00", "event_type": "moved", "src_path": "/home/lab/lab_docs/data_13.txt", "dest_path": "/home/lab/lab_docs/data_13.txt.locked"}
{"timestamp": "2026-01-17T07:48:08.026995+00:00", "event_type": "moved", "src_path": "/home/lab/lab_docs/data_14.txt", "dest_path": "/home/lab/lab_docs/data_14.txt.locked"}
{"timestamp": "2026-01-17T07:48:08.027283+00:00", "event_type": "moved", "src_path": "/home/lab/lab_docs/data_15.txt", "dest_path": "/home/lab/lab_docs/data_15.txt.locked"}
{"timestamp": "2026-01-17T07:48:08.027330+00:00", "event_type": "moved", "src_path": "/home/lab/lab_docs/data_16.txt", "dest_path": "/home/lab/lab_docs/data_16.txt.locked"}
{"timestamp": "2026-01-17T07:48:08.027356+00:00", "event_type": "moved", "src_path": "/home/lab/lab_docs/data_17.txt", "dest_path": "/home/lab/lab_docs/data_17.txt.locked"}
{"timestamp": "2026-01-17T07:48:08.027379+00:00", "event_type": "moved", "src_path": "/home/lab/lab_docs/data_18.txt", "dest_path": "/home/lab/lab_docs/data_18.txt.locked"}
{"timestamp": "2026-01-17T07:48:08.027402+00:00", "event_type": "moved", "src_path": "/home/lab/lab_docs/data_19.txt", "dest_path": "/home/lab/lab_docs/data_19.txt.locked"}
{"timestamp": "2026-01-17T07:48:08.027427+00:00", "event_type": "deleted", "src_path": "/home/lab/lab_docs/data_0.txt.locked", "dest_path": null}
{"timestamp": "2026-01-17T07:48:08.027451+00:00", "event_type": "deleted", "src_path": "/home/lab/lab_docs/data_1.txt.locked", "dest_path": null}
{"timestamp": "2026-01-17T07:48:08.027479+00:00", "event_type": "deleted", "src_path": "/home/lab/lab_docs/data_2.txt.locked", "dest_path": null}
{"timestamp": "2026-01-17T07:48:08.027501+00:00", "event_type": "deleted", "src_path": "/home/lab/lab_docs/data_3.txt.locked", "dest_path": null}
{"timestamp": "2026-01-17T07:48:08.027523+00:00", "event_type": "deleted", "src_path": "/home/lab/lab_docs/data_4.txt.locked", "dest_path": null}
{"timestamp": "2026-01-17T07:48:08.027546+00:00", "event_type": "deleted", "src_path": "/home/lab/lab_docs/data_5.txt.locked", "dest_path": null}
{"timestamp": "2026-01-17T07:48:08.027568+00:00", "event_type": "deleted", "src_path": "/home/lab/lab_docs/data_6.txt.locked", "dest_path": null}
{"timestamp": "2026-01-17T07:48:08.027589+00:00", "event_type": "deleted", "src_path": "/home/lab/lab_docs/data_7.txt.locked", "dest_path": null}
{"timestamp": "2026-01-17T07:48:08.027611+00:00", "event_type": "deleted", "src_path": "/home/lab/lab_docs/data_8.txt.locked", "dest_path": null}
{"timestamp": "2026-01-17T07:48:08.027636+00:00", "event_type": "deleted", "src_path": "/home/lab/lab_docs/data_9.txt.locked", "dest_path": null}
