{"timestamp": "2026-01-17T06:36:56.355618+00:00", "pid": 1, "ppid": 0, "name": "systemd"}
{"timestamp": "2026-01-17T06:36:56.356550+00:00", "pid": 2, "ppid": 0, "name": "kthreadd"}
{"timestamp": "2026-01-17T06:36:56.356854+00:00", "pid": 3, "ppid": 2, "name": "pool_workqueue_release"}
{"timestamp": "2026-01-17T06:36:56.357447+00:00", "pid": 4, "ppid": 2, "name": "kworker/R-rcu_gp"}
{"timestamp": "2026-01-17T06:36:56.357703+00:00", "pid": 5, "ppid": 2, "name": "kworker/R-sync_wq"}
{"timestamp": "2026-01-17T06:36:56.357902+00:00", "pid": 6, "ppid": 2, "name": "kworker/R-kvfree_rcu_reclaim"}
{"timestamp": "2026-01-17T06:36:56.358180+00:00", "pid": 7, "ppid": 2, "name": "kworker/R-slub_flushwq"}
{"timestamp": "2026-01-17T06:36:56.358388+00:00", "pid": 8, "ppid": 2, "name": "kworker/R-netns"}
{"timestamp": "2026-01-17T06:36:56.358568+00:00", "pid": 10, "ppid": 2, "name": "kworker/0:0H-kblockd"}
{"timestamp": "2026-01-17T06:36:56.358711+00:00", "pid": 12, "ppid": 2, "name": "kworker/u512:0-events_unbound"}
{"timestamp": "2026-01-17T06:36:56.358877+00:00", "pid": 13, "ppid": 2, "name": "kworker/R-mm_percpu_wq"}
{"timestamp": "2026-01-17T06:36:56.359045+00:00", "pid": 14, "ppid": 2, "name": "kworker/u512:1-ipv6_addrconf"}
{"timestamp": "2026-01-17T06:36:56.359192+00:00", "pid": 15, "ppid": 2, "name": "ksoftirqd/0"}
{"timestamp": "2026-01-17T06:36:56.359345+00:00", "pid": 16, "ppid": 2, "name": "rcu_preempt"}
{"timestamp": "2026-01-17T06:36:56.359526+00:00", "pid": 17, "ppid": 2, "name": "rcu_exp_par_gp_kthread_worker/1"}
{"timestamp": "2026-01-17T06:36:56.359668+00:00", "pid": 18, "ppid": 2, "name": "rcu_exp_gp_kthread_worker"}
{"timestamp": "2026-01-17T06:36:56.359802+00:00", "pid": 19, "ppid": 2, "name": "migration/0"}
{"timestamp": "2026-01-17T06:36:56.359936+00:00", "pid": 20, "ppid": 2, "name": "idle_inject/0"}
{"timestamp": "2026-01-17T06:36:56.360094+00:00", "pid": 21, "ppid": 2, "name": "cpuhp/0"}
{"timestamp": "2026-01-17T06:36:56.360249+00:00", "pid": 22, "ppid": 2, "name": "cpuhp/1"}
{"timestamp": "2026-01-17T06:36:56.360457+00:00", "pid": 23, "ppid": 2, "name": "idle_inject/1"}
{"timestamp": "2026-01-17T06:36:56.360673+00:00", "pid": 24, "ppid": 2, "name": "migration/1"}
{"timestamp": "2026-01-17T06:36:56.360829+00:00", "pid": 25, "ppid": 2, "name": "ksoftirqd/1"}
{"timestamp": "2026-01-17T06:36:56.361112+00:00", "pid": 27, "ppid": 2, "name": "kworker/1:0H-events_highpri"}
{"timestamp": "2026-01-17T06:36:56.361308+00:00", "pid": 28, "ppid": 2, "name": "cpuhp/2"}
{"timestamp": "2026-01-17T06:36:56.361458+00:00", "pid": 29, "ppid": 2, "name": "idle_inject/2"}
{"timestamp": "2026-01-17T06:36:56.361606+00:00", "pid": 30, "ppid": 2, "name": "migration/2"}
{"timestamp": "2026-01-17T06:36:56.361771+00:00", "pid": 31, "ppid": 2, "name": "ksoftirqd/2"}
{"timestamp": "2026-01-17T06:36:56.361987+00:00", "pid": 33, "ppid": 2, "name": "kworker/2:0H-events_highpri"}
{"timestamp": "2026-01-17T06:36:56.362154+00:00", "pid": 34, "ppid": 2, "name": "cpuhp/3"}
{"timestamp": "2026-01-17T06:36:56.362305+00:00", "pid": 35, "ppid": 2, "name": "idle_inject/3"}
{"timestamp": "2026-01-17T06:36:56.362420+00:00", "pid": 36, "ppid": 2, "name": "migration/3"}
{"timestamp": "2026-01-17T06:36:56.362560+00:00", "pid": 37, "ppid": 2, "name": "ksoftirqd/3"}
{"timestamp": "2026-01-17T06:36:56.362802+00:00", "pid": 39, "ppid": 2, "name": "kworker/3:0H-events_highpri"}
{"timestamp": "2026-01-17T06:36:56.363002+00:00", "pid": 40, "ppid": 2, "name": "cpuhp/4"}
{"timestamp": "2026-01-17T06:36:56.363154+00:00", "pid": 41, "ppid": 2, "name": "idle_inject/4"}
{"timestamp": "2026-01-17T06:36:56.363276+00:00", "pid": 42, "ppid": 2, "name": "migration/4"}
{"timestamp": "2026-01-17T06:36:56.363386+00:00", "pid": 43, "ppid": 2, "name": "ksoftirqd/4"}
{"timestamp": "2026-01-17T06:36:56.363527+00:00", "pid": 45, "ppid": 2, "name": "kworker/4:0H-events_highpri"}
{"timestamp": "2026-01-17T06:36:56.363667+00:00", "pid": 46, "ppid": 2, "name": "cpuhp/5"}
{"timestamp": "2026-01-17T06:36:56.363819+00:00", "pid": 47, "ppid": 2, "name": "idle_inject/5"}
{"timestamp": "2026-01-17T06:36:56.363950+00:00", "pid": 48, "ppid": 2, "name": "migration/5"}
{"timestamp": "2026-01-17T06:36:56.364107+00:00", "pid": 49, "ppid": 2, "name": "ksoftirqd/5"}
{"timestamp": "2026-01-17T06:36:56.364408+00:00", "pid": 51, "ppid": 2, "name": "kworker/5:0H-events_highpri"}
{"timestamp": "2026-01-17T06:36:56.364627+00:00", "pid": 54, "ppid": 2, "name": "kdevtmpfs"}
{"timestamp": "2026-01-17T06:36:56.364798+00:00", "pid": 55, "ppid": 2, "name": "kworker/R-inet_frag_wq"}
{"timestamp": "2026-01-17T06:36:56.364979+00:00", "pid": 56, "ppid": 2, "name": "rcu_tasks_kthread"}
{"timestamp": "2026-01-17T06:36:56.365151+00:00", "pid": 57, "ppid": 2, "name": "rcu_tasks_rude_kthread"}
{"timestamp": "2026-01-17T06:36:56.365303+00:00", "pid": 58, "ppid": 2, "name": "rcu_tasks_trace_kthread"}
{"timestamp": "2026-01-17T06:36:56.365421+00:00", "pid": 59, "ppid": 2, "name": "kauditd"}
{"timestamp": "2026-01-17T06:36:56.365537+00:00", "pid": 61, "ppid": 2, "name": "oom_reaper"}
{"timestamp": "2026-01-17T06:36:56.365737+00:00", "pid": 63, "ppid": 2, "name": "kworker/R-writeback"}
{"timestamp": "2026-01-17T06:36:56.365887+00:00", "pid": 64, "ppid": 2, "name": "kcompactd0"}
{"timestamp": "2026-01-17T06:36:56.366025+00:00", "pid": 65, "ppid": 2, "name": "ksmd"}
{"timestamp": "2026-01-17T06:36:56.366164+00:00", "pid": 66, "ppid": 2, "name": "khugepaged"}
{"timestamp": "2026-01-17T06:36:56.366315+00:00", "pid": 67, "ppid": 2, "name": "kworker/R-kblockd"}
{"timestamp": "2026-01-17T06:36:56.366516+00:00", "pid": 68, "ppid": 2, "name": "kworker/R-blkcg_punt_bio"}
{"timestamp": "2026-01-17T06:36:56.366661+00:00", "pid": 69, "ppid": 2, "name": "kworker/R-kintegrityd"}
{"timestamp": "2026-01-17T06:36:56.366775+00:00", "pid": 70, "ppid": 2, "name": "irq/9-acpi"}
{"timestamp": "2026-01-17T06:36:56.366966+00:00", "pid": 72, "ppid": 2, "name": "kworker/R-tpm_dev_wq"}
{"timestamp": "2026-01-17T06:36:56.367190+00:00", "pid": 73, "ppid": 2, "name": "kworker/R-ata_sff"}
{"timestamp": "2026-01-17T06:36:56.367324+00:00", "pid": 74, "ppid": 2, "name": "kworker/R-md"}
{"timestamp": "2026-01-17T06:36:56.367522+00:00", "pid": 75, "ppid": 2, "name": "kworker/R-md_bitmap"}
{"timestamp": "2026-01-17T06:36:56.367684+00:00", "pid": 76, "ppid": 2, "name": "kworker/R-edac-poller"}
{"timestamp": "2026-01-17T06:36:56.367904+00:00", "pid": 77, "ppid": 2, "name": "kworker/R-devfreq_wq"}
{"timestamp": "2026-01-17T06:36:56.368065+00:00", "pid": 79, "ppid": 2, "name": "watchdogd"}
{"timestamp": "2026-01-17T06:36:56.368251+00:00", "pid": 81, "ppid": 2, "name": "kworker/3:1H-kblockd"}
{"timestamp": "2026-01-17T06:36:56.368370+00:00", "pid": 83, "ppid": 2, "name": "kswapd0"}
{"timestamp": "2026-01-17T06:36:56.368510+00:00", "pid": 84, "ppid": 2, "name": "kworker/R-cryptd"}
{"timestamp": "2026-01-17T06:36:56.368648+00:00", "pid": 88, "ppid": 2, "name": "kworker/R-kthrotld"}
{"timestamp": "2026-01-17T06:36:56.368760+00:00", "pid": 90, "ppid": 2, "name": "irq/24-pciehp"}
{"timestamp": "2026-01-17T06:36:56.368872+00:00", "pid": 91, "ppid": 2, "name": "irq/25-pciehp"}
{"timestamp": "2026-01-17T06:36:56.369018+00:00", "pid": 92, "ppid": 2, "name": "irq/26-pciehp"}
{"timestamp": "2026-01-17T06:36:56.369156+00:00", "pid": 93, "ppid": 2, "name": "irq/27-pciehp"}
{"timestamp": "2026-01-17T06:36:56.369273+00:00", "pid": 94, "ppid": 2, "name": "irq/28-pciehp"}
{"timestamp": "2026-01-17T06:36:56.369389+00:00", "pid": 95, "ppid": 2, "name": "irq/29-pciehp"}
{"timestamp": "2026-01-17T06:36:56.369517+00:00", "pid": 96, "ppid": 2, "name": "irq/30-pciehp"}
{"timestamp": "2026-01-17T06:36:56.369700+00:00", "pid": 97, "ppid": 2, "name": "irq/31-pciehp"}
{"timestamp": "2026-01-17T06:36:56.369828+00:00", "pid": 98, "ppid": 2, "name": "irq/32-pciehp"}
{"timestamp": "2026-01-17T06:36:56.369952+00:00", "pid": 99, "ppid": 2, "name": "irq/33-pciehp"}
{"timestamp": "2026-01-17T06:36:56.370112+00:00", "pid": 100, "ppid": 2, "name": "irq/34-pciehp"}
{"timestamp": "2026-01-17T06:36:56.370284+00:00", "pid": 101, "ppid": 2, "name": "irq/35-pciehp"}
{"timestamp": "2026-01-17T06:36:56.370501+00:00", "pid": 102, "ppid": 2, "name": "irq/36-pciehp"}
{"timestamp": "2026-01-17T06:36:56.370746+00:00", "pid": 103, "ppid": 2, "name": "irq/37-pciehp"}
{"timestamp": "2026-01-17T06:36:56.371002+00:00", "pid": 104, "ppid": 2, "name": "irq/38-pciehp"}
{"timestamp": "2026-01-17T06:36:56.371261+00:00", "pid": 105, "ppid": 2, "name": "irq/39-pciehp"}
{"timestamp": "2026-01-17T06:36:56.371416+00:00", "pid": 106, "ppid": 2, "name": "irq/40-pciehp"}
{"timestamp": "2026-01-17T06:36:56.371546+00:00", "pid": 107, "ppid": 2, "name": "irq/41-pciehp"}
{"timestamp": "2026-01-17T06:36:56.371677+00:00", "pid": 108, "ppid": 2, "name": "irq/42-pciehp"}
{"timestamp": "2026-01-17T06:36:56.371800+00:00", "pid": 109, "ppid": 2, "name": "irq/43-pciehp"}
{"timestamp": "2026-01-17T06:36:56.371950+00:00", "pid": 110, "ppid": 2, "name": "irq/44-pciehp"}
{"timestamp": "2026-01-17T06:36:56.372100+00:00", "pid": 111, "ppid": 2, "name": "irq/45-pciehp"}
{"timestamp": "2026-01-17T06:36:56.372227+00:00", "pid": 112, "ppid": 2, "name": "irq/46-pciehp"}
{"timestamp": "2026-01-17T06:36:56.372345+00:00", "pid": 113, "ppid": 2, "name": "irq/47-pciehp"}
{"timestamp": "2026-01-17T06:36:56.372474+00:00", "pid": 114, "ppid": 2, "name": "irq/48-pciehp"}
{"timestamp": "2026-01-17T06:36:56.372620+00:00", "pid": 115, "ppid": 2, "name": "irq/49-pciehp"}
{"timestamp": "2026-01-17T06:36:56.372771+00:00", "pid": 116, "ppid": 2, "name": "irq/50-pciehp"}
{"timestamp": "2026-01-17T06:36:56.372910+00:00", "pid": 117, "ppid": 2, "name": "irq/51-pciehp"}
{"timestamp": "2026-01-17T06:36:56.373111+00:00", "pid": 118, "ppid": 2, "name": "irq/52-pciehp"}
{"timestamp": "2026-01-17T06:36:56.373269+00:00", "pid": 119, "ppid": 2, "name": "irq/53-pciehp"}
{"timestamp": "2026-01-17T06:36:56.373415+00:00", "pid": 120, "ppid": 2, "name": "irq/54-pciehp"}
{"timestamp": "2026-01-17T06:36:56.373609+00:00", "pid": 121, "ppid": 2, "name": "irq/55-pciehp"}
{"timestamp": "2026-01-17T06:36:56.373845+00:00", "pid": 122, "ppid": 2, "name": "kworker/R-acpi_thermal_pm"}
{"timestamp": "2026-01-17T06:36:56.373989+00:00", "pid": 123, "ppid": 2, "name": "scsi_eh_0"}
{"timestamp": "2026-01-17T06:36:56.374151+00:00", "pid": 124, "ppid": 2, "name": "kworker/R-scsi_tmf_0"}
{"timestamp": "2026-01-17T06:36:56.374273+00:00", "pid": 125, "ppid": 2, "name": "scsi_eh_1"}
{"timestamp": "2026-01-17T06:36:56.374429+00:00", "pid": 126, "ppid": 2, "name": "kworker/R-scsi_tmf_1"}
{"timestamp": "2026-01-17T06:36:56.374552+00:00", "pid": 127, "ppid": 2, "name": "scsi_eh_2"}
{"timestamp": "2026-01-17T06:36:56.374702+00:00", "pid": 128, "ppid": 2, "name": "kworker/R-scsi_tmf_2"}
{"timestamp": "2026-01-17T06:36:56.374811+00:00", "pid": 129, "ppid": 2, "name": "scsi_eh_3"}
{"timestamp": "2026-01-17T06:36:56.374947+00:00", "pid": 130, "ppid": 2, "name": "kworker/R-scsi_tmf_3"}
{"timestamp": "2026-01-17T06:36:56.375101+00:00", "pid": 131, "ppid": 2, "name": "scsi_eh_4"}
{"timestamp": "2026-01-17T06:36:56.375247+00:00", "pid": 132, "ppid": 2, "name": "kworker/R-scsi_tmf_4"}
{"timestamp": "2026-01-17T06:36:56.375361+00:00", "pid": 133, "ppid": 2, "name": "scsi_eh_5"}
{"timestamp": "2026-01-17T06:36:56.375527+00:00", "pid": 134, "ppid": 2, "name": "kworker/R-scsi_tmf_5"}
{"timestamp": "2026-01-17T06:36:56.375660+00:00", "pid": 135, "ppid": 2, "name": "scsi_eh_6"}
{"timestamp": "2026-01-17T06:36:56.375823+00:00", "pid": 136, "ppid": 2, "name": "kworker/R-scsi_tmf_6"}
{"timestamp": "2026-01-17T06:36:56.375978+00:00", "pid": 137, "ppid": 2, "name": "scsi_eh_7"}
{"timestamp": "2026-01-17T06:36:56.376169+00:00", "pid": 138, "ppid": 2, "name": "kworker/R-scsi_tmf_7"}
{"timestamp": "2026-01-17T06:36:56.376295+00:00", "pid": 139, "ppid": 2, "name": "scsi_eh_8"}
{"timestamp": "2026-01-17T06:36:56.376480+00:00", "pid": 140, "ppid": 2, "name": "kworker/R-scsi_tmf_8"}
{"timestamp": "2026-01-17T06:36:56.376624+00:00", "pid": 141, "ppid": 2, "name": "scsi_eh_9"}
{"timestamp": "2026-01-17T06:36:56.376929+00:00", "pid": 142, "ppid": 2, "name": "kworker/R-scsi_tmf_9"}
{"timestamp": "2026-01-17T06:36:56.377321+00:00", "pid": 143, "ppid": 2, "name": "scsi_eh_10"}
{"timestamp": "2026-01-17T06:36:56.377642+00:00", "pid": 144, "ppid": 2, "name": "kworker/R-scsi_tmf_10"}
{"timestamp": "2026-01-17T06:36:56.377839+00:00", "pid": 145, "ppid": 2, "name": "scsi_eh_11"}
{"timestamp": "2026-01-17T06:36:56.378035+00:00", "pid": 146, "ppid": 2, "name": "kworker/R-scsi_tmf_11"}
{"timestamp": "2026-01-17T06:36:56.378210+00:00", "pid": 147, "ppid": 2, "name": "scsi_eh_12"}
{"timestamp": "2026-01-17T06:36:56.378381+00:00", "pid": 148, "ppid": 2, "name": "kworker/R-scsi_tmf_12"}
{"timestamp": "2026-01-17T06:36:56.378549+00:00", "pid": 149, "ppid": 2, "name": "scsi_eh_13"}
{"timestamp": "2026-01-17T06:36:56.378704+00:00", "pid": 150, "ppid": 2, "name": "kworker/R-scsi_tmf_13"}
{"timestamp": "2026-01-17T06:36:56.378840+00:00", "pid": 151, "ppid": 2, "name": "scsi_eh_14"}
{"timestamp": "2026-01-17T06:36:56.379009+00:00", "pid": 152, "ppid": 2, "name": "kworker/R-scsi_tmf_14"}
{"timestamp": "2026-01-17T06:36:56.379195+00:00", "pid": 153, "ppid": 2, "name": "scsi_eh_15"}
{"timestamp": "2026-01-17T06:36:56.379398+00:00", "pid": 154, "ppid": 2, "name": "kworker/R-scsi_tmf_15"}
{"timestamp": "2026-01-17T06:36:56.379549+00:00", "pid": 155, "ppid": 2, "name": "scsi_eh_16"}
{"timestamp": "2026-01-17T06:36:56.379731+00:00", "pid": 156, "ppid": 2, "name": "kworker/R-scsi_tmf_16"}
{"timestamp": "2026-01-17T06:36:56.379873+00:00", "pid": 157, "ppid": 2, "name": "scsi_eh_17"}
{"timestamp": "2026-01-17T06:36:56.380015+00:00", "pid": 158, "ppid": 2, "name": "kworker/R-scsi_tmf_17"}
{"timestamp": "2026-01-17T06:36:56.380159+00:00", "pid": 159, "ppid": 2, "name": "scsi_eh_18"}
{"timestamp": "2026-01-17T06:36:56.380326+00:00", "pid": 160, "ppid": 2, "name": "kworker/R-scsi_tmf_18"}
{"timestamp": "2026-01-17T06:36:56.380476+00:00", "pid": 161, "ppid": 2, "name": "scsi_eh_19"}
{"timestamp": "2026-01-17T06:36:56.380635+00:00", "pid": 162, "ppid": 2, "name": "kworker/R-scsi_tmf_19"}
{"timestamp": "2026-01-17T06:36:56.380749+00:00", "pid": 163, "ppid": 2, "name": "scsi_eh_20"}
{"timestamp": "2026-01-17T06:36:56.380923+00:00", "pid": 164, "ppid": 2, "name": "kworker/R-scsi_tmf_20"}
{"timestamp": "2026-01-17T06:36:56.381039+00:00", "pid": 165, "ppid": 2, "name": "scsi_eh_21"}
{"timestamp": "2026-01-17T06:36:56.381213+00:00", "pid": 166, "ppid": 2, "name": "kworker/R-scsi_tmf_21"}
{"timestamp": "2026-01-17T06:36:56.381354+00:00", "pid": 167, "ppid": 2, "name": "scsi_eh_22"}
{"timestamp": "2026-01-17T06:36:56.381520+00:00", "pid": 168, "ppid": 2, "name": "kworker/R-scsi_tmf_22"}
{"timestamp": "2026-01-17T06:36:56.381639+00:00", "pid": 169, "ppid": 2, "name": "scsi_eh_23"}
{"timestamp": "2026-01-17T06:36:56.381826+00:00", "pid": 170, "ppid": 2, "name": "kworker/R-scsi_tmf_23"}
{"timestamp": "2026-01-17T06:36:56.381984+00:00", "pid": 171, "ppid": 2, "name": "scsi_eh_24"}
{"timestamp": "2026-01-17T06:36:56.382197+00:00", "pid": 172, "ppid": 2, "name": "kworker/R-scsi_tmf_24"}
{"timestamp": "2026-01-17T06:36:56.382320+00:00", "pid": 173, "ppid": 2, "name": "scsi_eh_25"}
{"timestamp": "2026-01-17T06:36:56.382461+00:00", "pid": 174, "ppid": 2, "name": "kworker/R-scsi_tmf_25"}
{"timestamp": "2026-01-17T06:36:56.382640+00:00", "pid": 175, "ppid": 2, "name": "scsi_eh_26"}
{"timestamp": "2026-01-17T06:36:56.382793+00:00", "pid": 176, "ppid": 2, "name": "kworker/R-scsi_tmf_26"}
{"timestamp": "2026-01-17T06:36:56.382910+00:00", "pid": 177, "ppid": 2, "name": "scsi_eh_27"}
{"timestamp": "2026-01-17T06:36:56.383057+00:00", "pid": 178, "ppid": 2, "name": "kworker/R-scsi_tmf_27"}
{"timestamp": "2026-01-17T06:36:56.383183+00:00", "pid": 179, "ppid": 2, "name": "scsi_eh_28"}
{"timestamp": "2026-01-17T06:36:56.383360+00:00", "pid": 180, "ppid": 2, "name": "kworker/R-scsi_tmf_28"}
{"timestamp": "2026-01-17T06:36:56.383521+00:00", "pid": 181, "ppid": 2, "name": "scsi_eh_29"}
{"timestamp": "2026-01-17T06:36:56.383674+00:00", "pid": 182, "ppid": 2, "name": "kworker/R-scsi_tmf_29"}
{"timestamp": "2026-01-17T06:36:56.383793+00:00", "pid": 184, "ppid": 2, "name": "scsi_eh_30"}
{"timestamp": "2026-01-17T06:36:56.383985+00:00", "pid": 186, "ppid": 2, "name": "kworker/R-scsi_tmf_30"}
{"timestamp": "2026-01-17T06:36:56.384175+00:00", "pid": 189, "ppid": 2, "name": "scsi_eh_31"}
{"timestamp": "2026-01-17T06:36:56.384403+00:00", "pid": 192, "ppid": 2, "name": "kworker/R-scsi_tmf_31"}
{"timestamp": "2026-01-17T06:36:56.384553+00:00", "pid": 213, "ppid": 2, "name": "kworker/R-dm_bufio_cache"}
{"timestamp": "2026-01-17T06:36:56.384703+00:00", "pid": 221, "ppid": 2, "name": "kworker/R-mld"}
{"timestamp": "2026-01-17T06:36:56.384871+00:00", "pid": 222, "ppid": 2, "name": "kworker/R-ipv6_addrconf"}
{"timestamp": "2026-01-17T06:36:56.385045+00:00", "pid": 223, "ppid": 2, "name": "kworker/4:1H-kblockd"}
{"timestamp": "2026-01-17T06:36:56.385243+00:00", "pid": 225, "ppid": 2, "name": "kworker/R-kstrp"}
{"timestamp": "2026-01-17T06:36:56.385420+00:00", "pid": 238, "ppid": 2, "name": "kworker/u515:0"}
{"timestamp": "2026-01-17T06:36:56.385597+00:00", "pid": 239, "ppid": 2, "name": "kworker/u516:0-ttm"}
{"timestamp": "2026-01-17T06:36:56.385741+00:00", "pid": 240, "ppid": 2, "name": "kworker/u517:0"}
{"timestamp": "2026-01-17T06:36:56.385889+00:00", "pid": 308, "ppid": 2, "name": "kworker/1:1H-kblockd"}
{"timestamp": "2026-01-17T06:36:56.386033+00:00", "pid": 309, "ppid": 2, "name": "kworker/0:1H-kblockd"}
{"timestamp": "2026-01-17T06:36:56.386206+00:00", "pid": 351, "ppid": 2, "name": "kworker/2:1H-kblockd"}
{"timestamp": "2026-01-17T06:36:56.386522+00:00", "pid": 354, "ppid": 2, "name": "kworker/5:1H-kblockd"}
{"timestamp": "2026-01-17T06:36:56.386708+00:00", "pid": 507, "ppid": 2, "name": "irq/16-vmwgfx"}
{"timestamp": "2026-01-17T06:36:56.386834+00:00", "pid": 508, "ppid": 2, "name": "kworker/R-ttm"}
{"timestamp": "2026-01-17T06:36:56.386987+00:00", "pid": 509, "ppid": 2, "name": "kworker/R-nvme-wq"}
{"timestamp": "2026-01-17T06:36:56.387162+00:00", "pid": 510, "ppid": 2, "name": "kworker/R-nvme-reset-wq"}
{"timestamp": "2026-01-17T06:36:56.387335+00:00", "pid": 511, "ppid": 2, "name": "kworker/R-nvme-delete-wq"}
{"timestamp": "2026-01-17T06:36:56.387493+00:00", "pid": 512, "ppid": 2, "name": "kworker/R-nvme-auth-wq"}
{"timestamp": "2026-01-17T06:36:56.387684+00:00", "pid": 539, "ppid": 2, "name": "kworker/R-btrfs-worker"}
{"timestamp": "2026-01-17T06:36:56.387906+00:00", "pid": 540, "ppid": 2, "name": "kworker/R-btrfs-delalloc"}
{"timestamp": "2026-01-17T06:36:56.388183+00:00", "pid": 541, "ppid": 2, "name": "kworker/R-btrfs-flush_delalloc"}
{"timestamp": "2026-01-17T06:36:56.388411+00:00", "pid": 542, "ppid": 2, "name": "kworker/R-btrfs-cache"}
{"timestamp": "2026-01-17T06:36:56.388598+00:00", "pid": 543, "ppid": 2, "name": "kworker/R-btrfs-fixup"}
{"timestamp": "2026-01-17T06:36:56.388793+00:00", "pid": 544, "ppid": 2, "name": "kworker/R-btrfs-endio"}
{"timestamp": "2026-01-17T06:36:56.388939+00:00", "pid": 545, "ppid": 2, "name": "kworker/R-btrfs-endio-meta"}
{"timestamp": "2026-01-17T06:36:56.389116+00:00", "pid": 546, "ppid": 2, "name": "kworker/R-btrfs-rmw"}
{"timestamp": "2026-01-17T06:36:56.389263+00:00", "pid": 547, "ppid": 2, "name": "kworker/R-btrfs-endio-write"}
{"timestamp": "2026-01-17T06:36:56.389452+00:00", "pid": 548, "ppid": 2, "name": "kworker/R-btrfs-compressed-write"}
{"timestamp": "2026-01-17T06:36:56.389615+00:00", "pid": 549, "ppid": 2, "name": "kworker/R-btrfs-freespace-write"}
{"timestamp": "2026-01-17T06:36:56.389760+00:00", "pid": 550, "ppid": 2, "name": "kworker/R-btrfs-delayed-meta"}
{"timestamp": "2026-01-17T06:36:56.389900+00:00", "pid": 551, "ppid": 2, "name": "kworker/R-btrfs-qgroup-rescan"}
{"timestamp": "2026-01-17T06:36:56.390054+00:00", "pid": 552, "ppid": 2, "name": "btrfs-cleaner"}
{"timestamp": "2026-01-17T06:36:56.390283+00:00", "pid": 553, "ppid": 2, "name": "btrfs-transaction"}
{"timestamp": "2026-01-17T06:36:56.390435+00:00", "pid": 633, "ppid": 2, "name": "irq/73-vmw_vmci"}
{"timestamp": "2026-01-17T06:36:56.390598+00:00", "pid": 634, "ppid": 2, "name": "irq/74-vmw_vmci"}
{"timestamp": "2026-01-17T06:36:56.390738+00:00", "pid": 635, "ppid": 2, "name": "irq/75-vmw_vmci"}
{"timestamp": "2026-01-17T06:36:56.391103+00:00", "pid": 648, "ppid": 1, "name": "systemd-journald"}
{"timestamp": "2026-01-17T06:36:56.391660+00:00", "pid": 680, "ppid": 1, "name": "systemd-userdbd"}
{"timestamp": "2026-01-17T06:36:56.392522+00:00", "pid": 690, "ppid": 1, "name": "systemd-udevd"}
{"timestamp": "2026-01-17T06:36:56.392706+00:00", "pid": 691, "ppid": 2, "name": "psimon"}
{"timestamp": "2026-01-17T06:36:56.392975+00:00", "pid": 750, "ppid": 2, "name": "jbd2/nvme0n1p2-8"}
{"timestamp": "2026-01-17T06:36:56.393179+00:00", "pid": 751, "ppid": 2, "name": "kworker/R-ext4-rsv-conversion"}
{"timestamp": "2026-01-17T06:36:56.393437+00:00", "pid": 771, "ppid": 1, "name": "auditd"}
{"timestamp": "2026-01-17T06:36:56.393692+00:00", "pid": 774, "ppid": 1, "name": "systemd-resolved"}
{"timestamp": "2026-01-17T06:36:56.394043+00:00", "pid": 804, "ppid": 1, "name": "dbus-broker-launch"}
{"timestamp": "2026-01-17T06:36:56.394282+00:00", "pid": 806, "ppid": 804, "name": "dbus-broker"}
{"timestamp": "2026-01-17T06:36:56.394560+00:00", "pid": 814, "ppid": 1, "name": "avahi-daemon"}
{"timestamp": "2026-01-17T06:36:56.394746+00:00", "pid": 820, "ppid": 1, "name": "irqbalance"}
{"timestamp": "2026-01-17T06:36:56.394951+00:00", "pid": 823, "ppid": 1, "name": "chronyd"}
{"timestamp": "2026-01-17T06:36:56.395758+00:00", "pid": 825, "ppid": 1, "name": "low-memory-monitor"}
{"timestamp": "2026-01-17T06:36:56.396018+00:00", "pid": 827, "ppid": 1, "name": "mcelog"}
{"timestamp": "2026-01-17T06:36:56.396314+00:00", "pid": 829, "ppid": 1, "name": "polkitd"}
{"timestamp": "2026-01-17T06:36:56.396573+00:00", "pid": 830, "ppid": 1, "name": "rtkit-daemon"}
{"timestamp": "2026-01-17T06:36:56.396913+00:00", "pid": 831, "ppid": 1, "name": "switcheroo-control"}
{"timestamp": "2026-01-17T06:36:56.397057+00:00", "pid": 836, "ppid": 2, "name": "psimon"}
{"timestamp": "2026-01-17T06:36:56.397441+00:00", "pid": 837, "ppid": 1, "name": "systemd-machined"}
{"timestamp": "2026-01-17T06:36:56.398009+00:00", "pid": 839, "ppid": 1, "name": "udisksd"}
{"timestamp": "2026-01-17T06:36:56.398809+00:00", "pid": 840, "ppid": 1, "name": "upowerd"}
{"timestamp": "2026-01-17T06:36:56.399320+00:00", "pid": 841, "ppid": 1, "name": "VGAuthService"}
{"timestamp": "2026-01-17T06:36:56.399470+00:00", "pid": 843, "ppid": 1, "name": "vmtoolsd"}
{"timestamp": "2026-01-17T06:36:56.399764+00:00", "pid": 856, "ppid": 1, "name": "abrtd"}
{"timestamp": "2026-01-17T06:36:56.399966+00:00", "pid": 865, "ppid": 814, "name": "avahi-daemon"}
{"timestamp": "2026-01-17T06:36:56.400388+00:00", "pid": 868, "ppid": 1, "name": "accounts-daemon"}
{"timestamp": "2026-01-17T06:36:56.400730+00:00", "pid": 869, "ppid": 1, "name": "systemd-logind"}
{"timestamp": "2026-01-17T06:36:56.401024+00:00", "pid": 925, "ppid": 1, "name": "abrt-dump-journal-core"}
{"timestamp": "2026-01-17T06:36:56.401311+00:00", "pid": 931, "ppid": 1, "name": "abrt-dump-journal-oops"}
{"timestamp": "2026-01-17T06:36:56.401512+00:00", "pid": 945, "ppid": 1, "name": "abrt-dump-journal-xorg"}
{"timestamp": "2026-01-17T06:36:56.401853+00:00", "pid": 958, "ppid": 1, "name": "ModemManager"}
{"timestamp": "2026-01-17T06:36:56.402116+00:00", "pid": 960, "ppid": 1, "name": "firewalld"}
{"timestamp": "2026-01-17T06:36:56.402252+00:00", "pid": 971, "ppid": 2, "name": "kworker/u516:1"}
{"timestamp": "2026-01-17T06:36:56.402424+00:00", "pid": 998, "ppid": 2, "name": "kworker/R-rpciod"}
{"timestamp": "2026-01-17T06:36:56.402577+00:00", "pid": 999, "ppid": 2, "name": "kworker/R-xprtiod"}
{"timestamp": "2026-01-17T06:36:56.402773+00:00", "pid": 1005, "ppid": 1, "name": "alsactl"}
{"timestamp": "2026-01-17T06:36:56.403026+00:00", "pid": 1050, "ppid": 1, "name": "NetworkManager"}
{"timestamp": "2026-01-17T06:36:56.403298+00:00", "pid": 1066, "ppid": 1, "name": "cupsd"}
{"timestamp": "2026-01-17T06:36:56.403487+00:00", "pid": 1067, "ppid": 1, "name": "gssproxy"}
{"timestamp": "2026-01-17T06:36:56.403857+00:00", "pid": 1071, "ppid": 1, "name": "tuned"}
{"timestamp": "2026-01-17T06:36:56.403971+00:00", "pid": 1107, "ppid": 1, "name": "rsyslogd"}
{"timestamp": "2026-01-17T06:36:56.404436+00:00", "pid": 1118, "ppid": 1, "name": "atd"}
{"timestamp": "2026-01-17T06:36:56.404578+00:00", "pid": 1119, "ppid": 1, "name": "crond"}
{"timestamp": "2026-01-17T06:36:56.404823+00:00", "pid": 1121, "ppid": 1, "name": "gdm"}
{"timestamp": "2026-01-17T06:36:56.404988+00:00", "pid": 1192, "ppid": 1, "name": "tuned-ppd"}
{"timestamp": "2026-01-17T06:36:56.405119+00:00", "pid": 1194, "ppid": 1, "name": "uresourced"}
{"timestamp": "2026-01-17T06:36:56.405245+00:00", "pid": 1197, "ppid": 2, "name": "psimon"}
{"timestamp": "2026-01-17T06:36:56.405497+00:00", "pid": 1343, "ppid": 1, "name": "colord"}
{"timestamp": "2026-01-17T06:36:56.405697+00:00", "pid": 1480, "ppid": 1, "name": "pcscd"}
{"timestamp": "2026-01-17T06:36:56.405841+00:00", "pid": 1974, "ppid": 1, "name": "wpa_supplicant"}
{"timestamp": "2026-01-17T06:36:56.406022+00:00", "pid": 2131, "ppid": 1121, "name": "gdm-session-worker"}
{"timestamp": "2026-01-17T06:36:56.406178+00:00", "pid": 2211, "ppid": 1, "name": "systemd"}
{"timestamp": "2026-01-17T06:36:56.406405+00:00", "pid": 2214, "ppid": 2211, "name": "(sd-pam)"}
{"timestamp": "2026-01-17T06:36:56.406600+00:00", "pid": 2232, "ppid": 1, "name": "gnome-keyring-daemon"}
{"timestamp": "2026-01-17T06:36:56.406771+00:00", "pid": 2286, "ppid": 2131, "name": "gdm-wayland-session"}
{"timestamp": "2026-01-17T06:36:56.407157+00:00", "pid": 2302, "ppid": 2211, "name": "dbus-broker-launch"}
{"timestamp": "2026-01-17T06:36:56.407316+00:00", "pid": 2307, "ppid": 2302, "name": "dbus-broker"}
{"timestamp": "2026-01-17T06:36:56.407539+00:00", "pid": 2310, "ppid": 2286, "name": "gnome-session-init-worker"}
{"timestamp": "2026-01-17T06:36:56.407764+00:00", "pid": 2349, "ppid": 2211, "name": "gnome-session-ctl"}
{"timestamp": "2026-01-17T06:36:56.408473+00:00", "pid": 2350, "ppid": 2211, "name": "uresourced"}
{"timestamp": "2026-01-17T06:36:56.408690+00:00", "pid": 2358, "ppid": 2211, "name": "gnome-session-service"}
{"timestamp": "2026-01-17T06:36:56.408818+00:00", "pid": 2359, "ppid": 2211, "name": "gvfsd"}
{"timestamp": "2026-01-17T06:36:56.408983+00:00", "pid": 2370, "ppid": 2211, "name": "gvfsd-fuse"}
{"timestamp": "2026-01-17T06:36:56.409123+00:00", "pid": 2374, "ppid": 2211, "name": "gnome-shell"}
{"timestamp": "2026-01-17T06:36:56.409272+00:00", "pid": 2375, "ppid": 2211, "name": "pipewire"}
{"timestamp": "2026-01-17T06:36:56.409415+00:00", "pid": 2383, "ppid": 2211, "name": "wireplumber"}
{"timestamp": "2026-01-17T06:36:56.409581+00:00", "pid": 2478, "ppid": 2211, "name": "at-spi-bus-launcher"}
{"timestamp": "2026-01-17T06:36:56.410306+00:00", "pid": 2484, "ppid": 2478, "name": "dbus-broker-launch"}
{"timestamp": "2026-01-17T06:36:56.410512+00:00", "pid": 2485, "ppid": 2484, "name": "dbus-broker"}
{"timestamp": "2026-01-17T06:36:56.410707+00:00", "pid": 2486, "ppid": 2211, "name": "at-spi2-registryd"}
{"timestamp": "2026-01-17T06:36:56.410890+00:00", "pid": 2494, "ppid": 2211, "name": "xdg-permission-store"}
{"timestamp": "2026-01-17T06:36:56.411318+00:00", "pid": 2495, "ppid": 2211, "name": "gnome-shell-calendar-server"}
{"timestamp": "2026-01-17T06:36:56.411482+00:00", "pid": 2513, "ppid": 2211, "name": "dconf-service"}
{"timestamp": "2026-01-17T06:36:56.411688+00:00", "pid": 2525, "ppid": 2211, "name": "evolution-source-registry"}
{"timestamp": "2026-01-17T06:36:56.411844+00:00", "pid": 2534, "ppid": 2211, "name": "gjs"}
{"timestamp": "2026-01-17T06:36:56.411964+00:00", "pid": 2543, "ppid": 2211, "name": "ibus-daemon"}
{"timestamp": "2026-01-17T06:36:56.412239+00:00", "pid": 2544, "ppid": 2211, "name": "gsd-a11y-settings"}
{"timestamp": "2026-01-17T06:36:56.412401+00:00", "pid": 2564, "ppid": 2211, "name": "gsd-color"}
{"timestamp": "2026-01-17T06:36:56.412541+00:00", "pid": 2569, "ppid": 2211, "name": "gsd-datetime"}
{"timestamp": "2026-01-17T06:36:56.412706+00:00", "pid": 2572, "ppid": 2211, "name": "gsd-housekeeping"}
{"timestamp": "2026-01-17T06:36:56.412839+00:00", "pid": 2578, "ppid": 2211, "name": "gsd-keyboard"}
{"timestamp": "2026-01-17T06:36:56.412999+00:00", "pid": 2582, "ppid": 2211, "name": "gsd-disk-utility-notify"}
{"timestamp": "2026-01-17T06:36:56.413166+00:00", "pid": 2593, "ppid": 2211, "name": "gsd-media-keys"}
{"timestamp": "2026-01-17T06:36:56.413290+00:00", "pid": 2601, "ppid": 2211, "name": "gsd-power"}
{"timestamp": "2026-01-17T06:36:56.413472+00:00", "pid": 2616, "ppid": 2211, "name": "gsd-print-notifications"}
{"timestamp": "2026-01-17T06:36:56.413872+00:00", "pid": 2629, "ppid": 2211, "name": "vmtoolsd"}
{"timestamp": "2026-01-17T06:36:56.413989+00:00", "pid": 2634, "ppid": 2543, "name": "ibus-dconf"}
{"timestamp": "2026-01-17T06:36:56.414146+00:00", "pid": 2635, "ppid": 2211, "name": "gsd-rfkill"}
{"timestamp": "2026-01-17T06:36:56.414289+00:00", "pid": 2636, "ppid": 2211, "name": "gsd-screensaver-proxy"}
{"timestamp": "2026-01-17T06:36:56.414454+00:00", "pid": 2637, "ppid": 2543, "name": "ibus-extension-gtk3"}
{"timestamp": "2026-01-17T06:36:56.414582+00:00", "pid": 2648, "ppid": 2211, "name": "gsd-sharing"}
{"timestamp": "2026-01-17T06:36:56.414712+00:00", "pid": 2684, "ppid": 2211, "name": "gsd-smartcard"}
{"timestamp": "2026-01-17T06:36:56.414873+00:00", "pid": 2691, "ppid": 2211, "name": "gsd-sound"}
{"timestamp": "2026-01-17T06:36:56.415152+00:00", "pid": 2696, "ppid": 2211, "name": "gsd-usb-protection"}
{"timestamp": "2026-01-17T06:36:56.415313+00:00", "pid": 2707, "ppid": 2211, "name": "gsd-wwan"}
{"timestamp": "2026-01-17T06:36:56.415492+00:00", "pid": 2747, "ppid": 2211, "name": "ibus-portal"}
{"timestamp": "2026-01-17T06:36:56.415631+00:00", "pid": 2750, "ppid": 2211, "name": "abrt-applet"}
{"timestamp": "2026-01-17T06:36:56.415743+00:00", "pid": 2752, "ppid": 2211, "name": "gjs"}
{"timestamp": "2026-01-17T06:36:56.415881+00:00", "pid": 2753, "ppid": 2211, "name": "gvfs-udisks2-volume-monitor"}
{"timestamp": "2026-01-17T06:36:56.415991+00:00", "pid": 2756, "ppid": 2211, "name": "localsearch-3"}
{"timestamp": "2026-01-17T06:36:56.416147+00:00", "pid": 2758, "ppid": 2211, "name": "evolution-alarm-notify"}
{"timestamp": "2026-01-17T06:36:56.416288+00:00", "pid": 2788, "ppid": 2211, "name": "gnome-software"}
{"timestamp": "2026-01-17T06:36:56.416423+00:00", "pid": 2802, "ppid": 2211, "name": "pipewire-pulse"}
{"timestamp": "2026-01-17T06:36:56.416673+00:00", "pid": 2825, "ppid": 2211, "name": "gvfs-mtp-volume-monitor"}
{"timestamp": "2026-01-17T06:36:56.416929+00:00", "pid": 2847, "ppid": 2211, "name": "gvfs-gphoto2-volume-monitor"}
{"timestamp": "2026-01-17T06:36:56.417070+00:00", "pid": 2852, "ppid": 2211, "name": "goa-daemon"}
{"timestamp": "2026-01-17T06:36:56.417203+00:00", "pid": 2866, "ppid": 1, "name": "abrt-dbus"}
{"timestamp": "2026-01-17T06:36:56.417382+00:00", "pid": 2872, "ppid": 2211, "name": "gvfs-goa-volume-monitor"}
{"timestamp": "2026-01-17T06:36:56.417548+00:00", "pid": 2874, "ppid": 2211, "name": "xdg-desktop-portal"}
{"timestamp": "2026-01-17T06:36:56.417704+00:00", "pid": 2893, "ppid": 2211, "name": "evolution-calendar-factory"}
{"timestamp": "2026-01-17T06:36:56.417873+00:00", "pid": 2896, "ppid": 2211, "name": "xdg-document-portal"}
{"timestamp": "2026-01-17T06:36:56.418033+00:00", "pid": 2911, "ppid": 2211, "name": "goa-identity-service"}
{"timestamp": "2026-01-17T06:36:56.418170+00:00", "pid": 2914, "ppid": 2896, "name": "fusermount3"}
{"timestamp": "2026-01-17T06:36:56.418343+00:00", "pid": 2915, "ppid": 2211, "name": "gvfs-afc-volume-monitor"}
{"timestamp": "2026-01-17T06:36:56.418479+00:00", "pid": 2919, "ppid": 2211, "name": "xdg-desktop-portal-gnome"}
{"timestamp": "2026-01-17T06:36:56.418987+00:00", "pid": 2933, "ppid": 2374, "name": "Xwayland"}
{"timestamp": "2026-01-17T06:36:56.419219+00:00", "pid": 2952, "ppid": 2211, "name": "evolution-addressbook-factory"}
{"timestamp": "2026-01-17T06:36:56.419362+00:00", "pid": 2960, "ppid": 2211, "name": "gsd-printer"}
{"timestamp": "2026-01-17T06:36:56.419587+00:00", "pid": 2984, "ppid": 1, "name": "sssd_kcm"}
{"timestamp": "2026-01-17T06:36:56.419777+00:00", "pid": 3020, "ppid": 2543, "name": "ibus-engine-simple"}
{"timestamp": "2026-01-17T06:36:56.419909+00:00", "pid": 3033, "ppid": 2211, "name": "gvfsd-metadata"}
{"timestamp": "2026-01-17T06:36:56.420020+00:00", "pid": 3049, "ppid": 2211, "name": "gsd-xsettings"}
{"timestamp": "2026-01-17T06:36:56.420204+00:00", "pid": 3082, "ppid": 2374, "name": "mutter-x11-frames"}
{"timestamp": "2026-01-17T06:36:56.420336+00:00", "pid": 3086, "ppid": 2211, "name": "ibus-x11"}
{"timestamp": "2026-01-17T06:36:56.420499+00:00", "pid": 3493, "ppid": 2211, "name": "xdg-desktop-portal-gtk"}
{"timestamp": "2026-01-17T06:36:56.420666+00:00", "pid": 3507, "ppid": 2211, "name": "gnome-keyring-daemon"}
{"timestamp": "2026-01-17T06:36:56.421048+00:00", "pid": 3566, "ppid": 1, "name": "fwupd"}
{"timestamp": "2026-01-17T06:36:56.421232+00:00", "pid": 3598, "ppid": 2211, "name": "ptyxis"}
{"timestamp": "2026-01-17T06:36:56.421353+00:00", "pid": 3605, "ppid": 3598, "name": "ptyxis-agent"}
{"timestamp": "2026-01-17T06:36:56.421725+00:00", "pid": 3624, "ppid": 2211, "name": "catatonit"}
{"timestamp": "2026-01-17T06:36:56.421843+00:00", "pid": 3670, "ppid": 3605, "name": "bash"}
{"timestamp": "2026-01-17T06:36:56.421962+00:00", "pid": 3758, "ppid": 3605, "name": "bash"}
{"timestamp": "2026-01-17T06:36:56.422070+00:00", "pid": 3789, "ppid": 3605, "name": "bash"}
{"timestamp": "2026-01-17T06:36:56.422222+00:00", "pid": 3862, "ppid": 3789, "name": "su"}
{"timestamp": "2026-01-17T06:36:56.422388+00:00", "pid": 3877, "ppid": 2543, "name": "python3"}
{"timestamp": "2026-01-17T06:36:56.422506+00:00", "pid": 3891, "ppid": 1, "name": "systemd"}
{"timestamp": "2026-01-17T06:36:56.422616+00:00", "pid": 3894, "ppid": 3891, "name": "(sd-pam)"}
{"timestamp": "2026-01-17T06:36:56.422747+00:00", "pid": 3910, "ppid": 3862, "name": "bash"}
{"timestamp": "2026-01-17T06:36:56.422909+00:00", "pid": 4023, "ppid": 2, "name": "kworker/u514:0-btrfs-endio-write"}
{"timestamp": "2026-01-17T06:36:56.423118+00:00", "pid": 4069, "ppid": 2, "name": "kworker/4:0-rcu_gp"}
{"timestamp": "2026-01-17T06:36:56.423284+00:00", "pid": 4091, "ppid": 2629, "name": "bwrap"}
{"timestamp": "2026-01-17T06:36:56.423473+00:00", "pid": 4092, "ppid": 4091, "name": "bwrap"}
{"timestamp": "2026-01-17T06:36:56.423660+00:00", "pid": 4093, "ppid": 4092, "name": "glycin-image-rs"}
{"timestamp": "2026-01-17T06:36:56.423834+00:00", "pid": 4203, "ppid": 2, "name": "kworker/1:0-events"}
{"timestamp": "2026-01-17T06:36:56.423973+00:00", "pid": 4249, "ppid": 2, "name": "kworker/2:1-events"}
{"timestamp": "2026-01-17T06:36:56.424121+00:00", "pid": 4260, "ppid": 2, "name": "kworker/u513:3-btrfs-endio-write"}
{"timestamp": "2026-01-17T06:36:56.424256+00:00", "pid": 4333, "ppid": 2, "name": "kworker/u514:2-events_unbound"}
{"timestamp": "2026-01-17T06:36:56.424388+00:00", "pid": 4343, "ppid": 2, "name": "kworker/u514:6-btrfs-endio-write"}
{"timestamp": "2026-01-17T06:36:56.424519+00:00", "pid": 4400, "ppid": 2, "name": "kworker/3:2-events"}
{"timestamp": "2026-01-17T06:36:56.424645+00:00", "pid": 4401, "ppid": 2, "name": "kworker/5:0-cgroup_release"}
{"timestamp": "2026-01-17T06:36:56.424772+00:00", "pid": 4412, "ppid": 2, "name": "kworker/u513:0-btrfs-endio-write"}
{"timestamp": "2026-01-17T06:36:56.424966+00:00", "pid": 4414, "ppid": 2, "name": "kworker/u513:1-events_unbound"}
{"timestamp": "2026-01-17T06:36:56.425215+00:00", "pid": 4417, "ppid": 2, "name": "kworker/4:2-events"}
{"timestamp": "2026-01-17T06:36:56.425379+00:00", "pid": 4428, "ppid": 2, "name": "kworker/0:1-events"}
{"timestamp": "2026-01-17T06:36:56.425564+00:00", "pid": 4430, "ppid": 2, "name": "kworker/1:1-mm_percpu_wq"}
{"timestamp": "2026-01-17T06:36:56.425726+00:00", "pid": 4431, "ppid": 2, "name": "kworker/3:1-events"}
{"timestamp": "2026-01-17T06:36:56.425882+00:00", "pid": 4436, "ppid": 2, "name": "kworker/4:1-events"}
{"timestamp": "2026-01-17T06:36:56.426188+00:00", "pid": 4437, "ppid": 2, "name": "kworker/2:2-events"}
{"timestamp": "2026-01-17T06:36:56.426371+00:00", "pid": 4440, "ppid": 2, "name": "kworker/5:2-events"}
{"timestamp": "2026-01-17T06:36:56.426581+00:00", "pid": 4445, "ppid": 2, "name": "kworker/0:0-events"}
{"timestamp": "2026-01-17T06:36:56.427313+00:00", "pid": 4478, "ppid": 1, "name": "anacron"}
{"timestamp": "2026-01-17T06:36:56.427508+00:00", "pid": 4484, "ppid": 2, "name": "kworker/u513:2-events_unbound"}
{"timestamp": "2026-01-17T06:36:56.427661+00:00", "pid": 4485, "ppid": 2, "name": "kworker/u513:4-kvfree_rcu_reclaim"}
{"timestamp": "2026-01-17T06:36:56.427913+00:00", "pid": 4486, "ppid": 2, "name": "kworker/u513:5-btrfs-endio-write"}
{"timestamp": "2026-01-17T06:36:56.428130+00:00", "pid": 4487, "ppid": 2, "name": "kworker/u513:6-btrfs-endio-write"}
{"timestamp": "2026-01-17T06:36:56.428282+00:00", "pid": 4488, "ppid": 2, "name": "kworker/u513:7-btrfs-endio-write"}
{"timestamp": "2026-01-17T06:36:56.428426+00:00", "pid": 4489, "ppid": 2, "name": "kworker/u513:8-btrfs-endio-write"}
{"timestamp": "2026-01-17T06:36:56.428557+00:00", "pid": 4492, "ppid": 3758, "name": "su"}
{"timestamp": "2026-01-17T06:36:56.428683+00:00", "pid": 4505, "ppid": 1, "name": "systemd"}
{"timestamp": "2026-01-17T06:36:56.428793+00:00", "pid": 4506, "ppid": 2, "name": "kworker/4:3"}
{"timestamp": "2026-01-17T06:36:56.428927+00:00", "pid": 4508, "ppid": 4505, "name": "(sd-pam)"}
{"timestamp": "2026-01-17T06:36:56.429041+00:00", "pid": 4524, "ppid": 4492, "name": "bash"}
{"timestamp": "2026-01-17T06:36:56.429180+00:00", "pid": 4596, "ppid": 2, "name": "kworker/u514:1-events_unbound"}
{"timestamp": "2026-01-17T06:36:56.429306+00:00", "pid": 4597, "ppid": 2, "name": "kworker/u514:3-btrfs-endio-write"}
{"timestamp": "2026-01-17T06:36:56.429464+00:00", "pid": 4598, "ppid": 2, "name": "kworker/u514:4-events_unbound"}
{"timestamp": "2026-01-17T06:36:56.429625+00:00", "pid": 4599, "ppid": 680, "name": "systemd-userwork:"}
{"timestamp": "2026-01-17T06:36:56.429761+00:00", "pid": 4600, "ppid": 2, "name": "kworker/3:0-events"}
{"timestamp": "2026-01-17T06:36:56.429924+00:00", "pid": 4601, "ppid": 2, "name": "kworker/2:0-events"}
{"timestamp": "2026-01-17T06:36:56.430055+00:00", "pid": 4638, "ppid": 2, "name": "kworker/5:1-events"}
{"timestamp": "2026-01-17T06:36:56.430194+00:00", "pid": 4649, "ppid": 2, "name": "kworker/0:2-mm_percpu_wq"}
{"timestamp": "2026-01-17T06:36:56.430331+00:00", "pid": 4706, "ppid": 680, "name": "systemd-userwork:"}
{"timestamp": "2026-01-17T06:36:56.430455+00:00", "pid": 4709, "ppid": 680, "name": "systemd-userwork:"}
{"timestamp": "2026-01-17T06:36:56.430579+00:00", "pid": 4714, "ppid": 2, "name": "kworker/1:2-mm_percpu_wq"}
{"timestamp": "2026-01-17T06:36:56.430690+00:00", "pid": 4721, "ppid": 3910, "name": "python3"}
{"timestamp": "2026-01-17T06:36:56.430795+00:00", "pid": 4722, "ppid": 4721, "name": "python3"}
{"timestamp": "2026-01-17T06:36:56.430925+00:00", "pid": 4723, "ppid": 4721, "name": "python3"}
{"timestamp": "2026-01-17T06:36:56.431229+00:00", "pid": 4729, "ppid": 1, "name": "python3"}
{"timestamp": "2026-01-17T06:38:44.045628+00:00", "pid": 1, "ppid": 0, "name": "systemd"}
{"timestamp": "2026-01-17T06:38:44.046256+00:00", "pid": 2, "ppid": 0, "name": "kthreadd"}
{"timestamp": "2026-01-17T06:38:44.046551+00:00", "pid": 3, "ppid": 2, "name": "pool_workqueue_release"}
{"timestamp": "2026-01-17T06:38:44.046814+00:00", "pid": 4, "ppid": 2, "name": "kworker/R-rcu_gp"}
{"timestamp": "2026-01-17T06:38:44.047028+00:00", "pid": 5, "ppid": 2, "name": "kworker/R-sync_wq"}
{"timestamp": "2026-01-17T06:38:44.047306+00:00", "pid": 6, "ppid": 2, "name": "kworker/R-kvfree_rcu_reclaim"}
{"timestamp": "2026-01-17T06:38:44.047479+00:00", "pid": 7, "ppid": 2, "name": "kworker/R-slub_flushwq"}
{"timestamp": "2026-01-17T06:38:44.047626+00:00", "pid": 8, "ppid": 2, "name": "kworker/R-netns"}
{"timestamp": "2026-01-17T06:38:44.047786+00:00", "pid": 10, "ppid": 2, "name": "kworker/0:0H-kblockd"}
{"timestamp": "2026-01-17T06:38:44.047944+00:00", "pid": 12, "ppid": 2, "name": "kworker/u512:0-events_unbound"}
{"timestamp": "2026-01-17T06:38:44.048145+00:00", "pid": 13, "ppid": 2, "name": "kworker/R-mm_percpu_wq"}
{"timestamp": "2026-01-17T06:38:44.048313+00:00", "pid": 14, "ppid": 2, "name": "kworker/u512:1-ipv6_addrconf"}
{"timestamp": "2026-01-17T06:38:44.048444+00:00", "pid": 15, "ppid": 2, "name": "ksoftirqd/0"}
{"timestamp": "2026-01-17T06:38:44.048564+00:00", "pid": 16, "ppid": 2, "name": "rcu_preempt"}
{"timestamp": "2026-01-17T06:38:44.048705+00:00", "pid": 17, "ppid": 2, "name": "rcu_exp_par_gp_kthread_worker/1"}
{"timestamp": "2026-01-17T06:38:44.048843+00:00", "pid": 18, "ppid": 2, "name": "rcu_exp_gp_kthread_worker"}
{"timestamp": "2026-01-17T06:38:44.048957+00:00", "pid": 19, "ppid": 2, "name": "migration/0"}
{"timestamp": "2026-01-17T06:38:44.049071+00:00", "pid": 20, "ppid": 2, "name": "idle_inject/0"}
{"timestamp": "2026-01-17T06:38:44.049197+00:00", "pid": 21, "ppid": 2, "name": "cpuhp/0"}
{"timestamp": "2026-01-17T06:38:44.049334+00:00", "pid": 22, "ppid": 2, "name": "cpuhp/1"}
{"timestamp": "2026-01-17T06:38:44.049454+00:00", "pid": 23, "ppid": 2, "name": "idle_inject/1"}
{"timestamp": "2026-01-17T06:38:44.049564+00:00", "pid": 24, "ppid": 2, "name": "migration/1"}
{"timestamp": "2026-01-17T06:38:44.049671+00:00", "pid": 25, "ppid": 2, "name": "ksoftirqd/1"}
{"timestamp": "2026-01-17T06:38:44.049804+00:00", "pid": 27, "ppid": 2, "name": "kworker/1:0H-events_highpri"}
{"timestamp": "2026-01-17T06:38:44.049911+00:00", "pid": 28, "ppid": 2, "name": "cpuhp/2"}
{"timestamp": "2026-01-17T06:38:44.050017+00:00", "pid": 29, "ppid": 2, "name": "idle_inject/2"}
{"timestamp": "2026-01-17T06:38:44.050136+00:00", "pid": 30, "ppid": 2, "name": "migration/2"}
{"timestamp": "2026-01-17T06:38:44.050251+00:00", "pid": 31, "ppid": 2, "name": "ksoftirqd/2"}
{"timestamp": "2026-01-17T06:38:44.050386+00:00", "pid": 33, "ppid": 2, "name": "kworker/2:0H-events_highpri"}
{"timestamp": "2026-01-17T06:38:44.050500+00:00", "pid": 34, "ppid": 2, "name": "cpuhp/3"}
{"timestamp": "2026-01-17T06:38:44.050610+00:00", "pid": 35, "ppid": 2, "name": "idle_inject/3"}
{"timestamp": "2026-01-17T06:38:44.050725+00:00", "pid": 36, "ppid": 2, "name": "migration/3"}
{"timestamp": "2026-01-17T06:38:44.050844+00:00", "pid": 37, "ppid": 2, "name": "ksoftirqd/3"}
{"timestamp": "2026-01-17T06:38:44.050987+00:00", "pid": 39, "ppid": 2, "name": "kworker/3:0H-events_highpri"}
{"timestamp": "2026-01-17T06:38:44.051147+00:00", "pid": 40, "ppid": 2, "name": "cpuhp/4"}
{"timestamp": "2026-01-17T06:38:44.051272+00:00", "pid": 41, "ppid": 2, "name": "idle_inject/4"}
{"timestamp": "2026-01-17T06:38:44.051404+00:00", "pid": 42, "ppid": 2, "name": "migration/4"}
{"timestamp": "2026-01-17T06:38:44.051514+00:00", "pid": 43, "ppid": 2, "name": "ksoftirqd/4"}
{"timestamp": "2026-01-17T06:38:44.051645+00:00", "pid": 45, "ppid": 2, "name": "kworker/4:0H-events_highpri"}
{"timestamp": "2026-01-17T06:38:44.051754+00:00", "pid": 46, "ppid": 2, "name": "cpuhp/5"}
{"timestamp": "2026-01-17T06:38:44.051862+00:00", "pid": 47, "ppid": 2, "name": "idle_inject/5"}
{"timestamp": "2026-01-17T06:38:44.051980+00:00", "pid": 48, "ppid": 2, "name": "migration/5"}
{"timestamp": "2026-01-17T06:38:44.052105+00:00", "pid": 49, "ppid": 2, "name": "ksoftirqd/5"}
{"timestamp": "2026-01-17T06:38:44.052250+00:00", "pid": 51, "ppid": 2, "name": "kworker/5:0H-events_highpri"}
{"timestamp": "2026-01-17T06:38:44.052365+00:00", "pid": 54, "ppid": 2, "name": "kdevtmpfs"}
{"timestamp": "2026-01-17T06:38:44.052496+00:00", "pid": 55, "ppid": 2, "name": "kworker/R-inet_frag_wq"}
{"timestamp": "2026-01-17T06:38:44.052634+00:00", "pid": 56, "ppid": 2, "name": "rcu_tasks_kthread"}
{"timestamp": "2026-01-17T06:38:44.052770+00:00", "pid": 57, "ppid": 2, "name": "rcu_tasks_rude_kthread"}
{"timestamp": "2026-01-17T06:38:44.052911+00:00", "pid": 58, "ppid": 2, "name": "rcu_tasks_trace_kthread"}
{"timestamp": "2026-01-17T06:38:44.053026+00:00", "pid": 59, "ppid": 2, "name": "kauditd"}
{"timestamp": "2026-01-17T06:38:44.053183+00:00", "pid": 61, "ppid": 2, "name": "oom_reaper"}
{"timestamp": "2026-01-17T06:38:44.053372+00:00", "pid": 63, "ppid": 2, "name": "kworker/R-writeback"}
{"timestamp": "2026-01-17T06:38:44.053504+00:00", "pid": 64, "ppid": 2, "name": "kcompactd0"}
{"timestamp": "2026-01-17T06:38:44.053621+00:00", "pid": 65, "ppid": 2, "name": "ksmd"}
{"timestamp": "2026-01-17T06:38:44.053741+00:00", "pid": 66, "ppid": 2, "name": "khugepaged"}
{"timestamp": "2026-01-17T06:38:44.053879+00:00", "pid": 67, "ppid": 2, "name": "kworker/R-kblockd"}
{"timestamp": "2026-01-17T06:38:44.054074+00:00", "pid": 68, "ppid": 2, "name": "kworker/R-blkcg_punt_bio"}
{"timestamp": "2026-01-17T06:38:44.054255+00:00", "pid": 69, "ppid": 2, "name": "kworker/R-kintegrityd"}
{"timestamp": "2026-01-17T06:38:44.054373+00:00", "pid": 70, "ppid": 2, "name": "irq/9-acpi"}
{"timestamp": "2026-01-17T06:38:44.054513+00:00", "pid": 72, "ppid": 2, "name": "kworker/R-tpm_dev_wq"}
{"timestamp": "2026-01-17T06:38:44.054652+00:00", "pid": 73, "ppid": 2, "name": "kworker/R-ata_sff"}
{"timestamp": "2026-01-17T06:38:44.054766+00:00", "pid": 74, "ppid": 2, "name": "kworker/R-md"}
{"timestamp": "2026-01-17T06:38:44.054907+00:00", "pid": 75, "ppid": 2, "name": "kworker/R-md_bitmap"}
{"timestamp": "2026-01-17T06:38:44.055041+00:00", "pid": 76, "ppid": 2, "name": "kworker/R-edac-poller"}
{"timestamp": "2026-01-17T06:38:44.055195+00:00", "pid": 77, "ppid": 2, "name": "kworker/R-devfreq_wq"}
{"timestamp": "2026-01-17T06:38:44.055334+00:00", "pid": 79, "ppid": 2, "name": "watchdogd"}
{"timestamp": "2026-01-17T06:38:44.055488+00:00", "pid": 81, "ppid": 2, "name": "kworker/3:1H-kblockd"}
{"timestamp": "2026-01-17T06:38:44.055610+00:00", "pid": 83, "ppid": 2, "name": "kswapd0"}
{"timestamp": "2026-01-17T06:38:44.055757+00:00", "pid": 84, "ppid": 2, "name": "kworker/R-cryptd"}
{"timestamp": "2026-01-17T06:38:44.055907+00:00", "pid": 88, "ppid": 2, "name": "kworker/R-kthrotld"}
{"timestamp": "2026-01-17T06:38:44.056020+00:00", "pid": 90, "ppid": 2, "name": "irq/24-pciehp"}
{"timestamp": "2026-01-17T06:38:44.056146+00:00", "pid": 91, "ppid": 2, "name": "irq/25-pciehp"}
{"timestamp": "2026-01-17T06:38:44.056275+00:00", "pid": 92, "ppid": 2, "name": "irq/26-pciehp"}
{"timestamp": "2026-01-17T06:38:44.056395+00:00", "pid": 93, "ppid": 2, "name": "irq/27-pciehp"}
{"timestamp": "2026-01-17T06:38:44.056516+00:00", "pid": 94, "ppid": 2, "name": "irq/28-pciehp"}
{"timestamp": "2026-01-17T06:38:44.056630+00:00", "pid": 95, "ppid": 2, "name": "irq/29-pciehp"}
{"timestamp": "2026-01-17T06:38:44.056737+00:00", "pid": 96, "ppid": 2, "name": "irq/30-pciehp"}
{"timestamp": "2026-01-17T06:38:44.056854+00:00", "pid": 97, "ppid": 2, "name": "irq/31-pciehp"}
{"timestamp": "2026-01-17T06:38:44.056971+00:00", "pid": 98, "ppid": 2, "name": "irq/32-pciehp"}
{"timestamp": "2026-01-17T06:38:44.057099+00:00", "pid": 99, "ppid": 2, "name": "irq/33-pciehp"}
{"timestamp": "2026-01-17T06:38:44.057244+00:00", "pid": 100, "ppid": 2, "name": "irq/34-pciehp"}
{"timestamp": "2026-01-17T06:38:44.057414+00:00", "pid": 101, "ppid": 2, "name": "irq/35-pciehp"}
{"timestamp": "2026-01-17T06:38:44.057546+00:00", "pid": 102, "ppid": 2, "name": "irq/36-pciehp"}
{"timestamp": "2026-01-17T06:38:44.057660+00:00", "pid": 103, "ppid": 2, "name": "irq/37-pciehp"}
{"timestamp": "2026-01-17T06:38:44.057769+00:00", "pid": 104, "ppid": 2, "name": "irq/38-pciehp"}
{"timestamp": "2026-01-17T06:38:44.057879+00:00", "pid": 105, "ppid": 2, "name": "irq/39-pciehp"}
{"timestamp": "2026-01-17T06:38:44.057989+00:00", "pid": 106, "ppid": 2, "name": "irq/40-pciehp"}
{"timestamp": "2026-01-17T06:38:44.058131+00:00", "pid": 107, "ppid": 2, "name": "irq/41-pciehp"}
{"timestamp": "2026-01-17T06:38:44.058256+00:00", "pid": 108, "ppid": 2, "name": "irq/42-pciehp"}
{"timestamp": "2026-01-17T06:38:44.058647+00:00", "pid": 109, "ppid": 2, "name": "irq/43-pciehp"}
{"timestamp": "2026-01-17T06:38:44.058802+00:00", "pid": 110, "ppid": 2, "name": "irq/44-pciehp"}
{"timestamp": "2026-01-17T06:38:44.058924+00:00", "pid": 111, "ppid": 2, "name": "irq/45-pciehp"}
{"timestamp": "2026-01-17T06:38:44.059033+00:00", "pid": 112, "ppid": 2, "name": "irq/46-pciehp"}
{"timestamp": "2026-01-17T06:38:44.059184+00:00", "pid": 113, "ppid": 2, "name": "irq/47-pciehp"}
{"timestamp": "2026-01-17T06:38:44.059297+00:00", "pid": 114, "ppid": 2, "name": "irq/48-pciehp"}
{"timestamp": "2026-01-17T06:38:44.059429+00:00", "pid": 115, "ppid": 2, "name": "irq/49-pciehp"}
{"timestamp": "2026-01-17T06:38:44.059535+00:00", "pid": 116, "ppid": 2, "name": "irq/50-pciehp"}
{"timestamp": "2026-01-17T06:38:44.059649+00:00", "pid": 117, "ppid": 2, "name": "irq/51-pciehp"}
{"timestamp": "2026-01-17T06:38:44.059764+00:00", "pid": 118, "ppid": 2, "name": "irq/52-pciehp"}
{"timestamp": "2026-01-17T06:38:44.059872+00:00", "pid": 119, "ppid": 2, "name": "irq/53-pciehp"}
{"timestamp": "2026-01-17T06:38:44.059978+00:00", "pid": 120, "ppid": 2, "name": "irq/54-pciehp"}
{"timestamp": "2026-01-17T06:38:44.060099+00:00", "pid": 121, "ppid": 2, "name": "irq/55-pciehp"}
{"timestamp": "2026-01-17T06:38:44.060258+00:00", "pid": 122, "ppid": 2, "name": "kworker/R-acpi_thermal_pm"}
{"timestamp": "2026-01-17T06:38:44.060371+00:00", "pid": 123, "ppid": 2, "name": "scsi_eh_0"}
{"timestamp": "2026-01-17T06:38:44.060521+00:00", "pid": 124, "ppid": 2, "name": "kworker/R-scsi_tmf_0"}
{"timestamp": "2026-01-17T06:38:44.060633+00:00", "pid": 125, "ppid": 2, "name": "scsi_eh_1"}
{"timestamp": "2026-01-17T06:38:44.060759+00:00", "pid": 126, "ppid": 2, "name": "kworker/R-scsi_tmf_1"}
{"timestamp": "2026-01-17T06:38:44.060861+00:00", "pid": 127, "ppid": 2, "name": "scsi_eh_2"}
{"timestamp": "2026-01-17T06:38:44.060986+00:00", "pid": 128, "ppid": 2, "name": "kworker/R-scsi_tmf_2"}
{"timestamp": "2026-01-17T06:38:44.061124+00:00", "pid": 129, "ppid": 2, "name": "scsi_eh_3"}
{"timestamp": "2026-01-17T06:38:44.061273+00:00", "pid": 130, "ppid": 2, "name": "kworker/R-scsi_tmf_3"}
{"timestamp": "2026-01-17T06:38:44.061397+00:00", "pid": 131, "ppid": 2, "name": "scsi_eh_4"}
{"timestamp": "2026-01-17T06:38:44.061548+00:00", "pid": 132, "ppid": 2, "name": "kworker/R-scsi_tmf_4"}
{"timestamp": "2026-01-17T06:38:44.061668+00:00", "pid": 133, "ppid": 2, "name": "scsi_eh_5"}
{"timestamp": "2026-01-17T06:38:44.061796+00:00", "pid": 134, "ppid": 2, "name": "kworker/R-scsi_tmf_5"}
{"timestamp": "2026-01-17T06:38:44.061902+00:00", "pid": 135, "ppid": 2, "name": "scsi_eh_6"}
{"timestamp": "2026-01-17T06:38:44.062031+00:00", "pid": 136, "ppid": 2, "name": "kworker/R-scsi_tmf_6"}
{"timestamp": "2026-01-17T06:38:44.062144+00:00", "pid": 137, "ppid": 2, "name": "scsi_eh_7"}
{"timestamp": "2026-01-17T06:38:44.062282+00:00", "pid": 138, "ppid": 2, "name": "kworker/R-scsi_tmf_7"}
{"timestamp": "2026-01-17T06:38:44.062392+00:00", "pid": 139, "ppid": 2, "name": "scsi_eh_8"}
{"timestamp": "2026-01-17T06:38:44.062518+00:00", "pid": 140, "ppid": 2, "name": "kworker/R-scsi_tmf_8"}
{"timestamp": "2026-01-17T06:38:44.062629+00:00", "pid": 141, "ppid": 2, "name": "scsi_eh_9"}
{"timestamp": "2026-01-17T06:38:44.062765+00:00", "pid": 142, "ppid": 2, "name": "kworker/R-scsi_tmf_9"}
{"timestamp": "2026-01-17T06:38:44.062868+00:00", "pid": 143, "ppid": 2, "name": "scsi_eh_10"}
{"timestamp": "2026-01-17T06:38:44.063056+00:00", "pid": 144, "ppid": 2, "name": "kworker/R-scsi_tmf_10"}
{"timestamp": "2026-01-17T06:38:44.063182+00:00", "pid": 145, "ppid": 2, "name": "scsi_eh_11"}
{"timestamp": "2026-01-17T06:38:44.063315+00:00", "pid": 146, "ppid": 2, "name": "kworker/R-scsi_tmf_11"}
{"timestamp": "2026-01-17T06:38:44.063449+00:00", "pid": 147, "ppid": 2, "name": "scsi_eh_12"}
{"timestamp": "2026-01-17T06:38:44.063579+00:00", "pid": 148, "ppid": 2, "name": "kworker/R-scsi_tmf_12"}
{"timestamp": "2026-01-17T06:38:44.063686+00:00", "pid": 149, "ppid": 2, "name": "scsi_eh_13"}
{"timestamp": "2026-01-17T06:38:44.063814+00:00", "pid": 150, "ppid": 2, "name": "kworker/R-scsi_tmf_13"}
{"timestamp": "2026-01-17T06:38:44.063917+00:00", "pid": 151, "ppid": 2, "name": "scsi_eh_14"}
{"timestamp": "2026-01-17T06:38:44.064042+00:00", "pid": 152, "ppid": 2, "name": "kworker/R-scsi_tmf_14"}
{"timestamp": "2026-01-17T06:38:44.064152+00:00", "pid": 153, "ppid": 2, "name": "scsi_eh_15"}
{"timestamp": "2026-01-17T06:38:44.064277+00:00", "pid": 154, "ppid": 2, "name": "kworker/R-scsi_tmf_15"}
{"timestamp": "2026-01-17T06:38:44.064378+00:00", "pid": 155, "ppid": 2, "name": "scsi_eh_16"}
{"timestamp": "2026-01-17T06:38:44.064501+00:00", "pid": 156, "ppid": 2, "name": "kworker/R-scsi_tmf_16"}
{"timestamp": "2026-01-17T06:38:44.064599+00:00", "pid": 157, "ppid": 2, "name": "scsi_eh_17"}
{"timestamp": "2026-01-17T06:38:44.064724+00:00", "pid": 158, "ppid": 2, "name": "kworker/R-scsi_tmf_17"}
{"timestamp": "2026-01-17T06:38:44.064830+00:00", "pid": 159, "ppid": 2, "name": "scsi_eh_18"}
{"timestamp": "2026-01-17T06:38:44.064961+00:00", "pid": 160, "ppid": 2, "name": "kworker/R-scsi_tmf_18"}
{"timestamp": "2026-01-17T06:38:44.065065+00:00", "pid": 161, "ppid": 2, "name": "scsi_eh_19"}
{"timestamp": "2026-01-17T06:38:44.065249+00:00", "pid": 162, "ppid": 2, "name": "kworker/R-scsi_tmf_19"}
{"timestamp": "2026-01-17T06:38:44.065375+00:00", "pid": 163, "ppid": 2, "name": "scsi_eh_20"}
{"timestamp": "2026-01-17T06:38:44.065514+00:00", "pid": 164, "ppid": 2, "name": "kworker/R-scsi_tmf_20"}
{"timestamp": "2026-01-17T06:38:44.065621+00:00", "pid": 165, "ppid": 2, "name": "scsi_eh_21"}
{"timestamp": "2026-01-17T06:38:44.065743+00:00", "pid": 166, "ppid": 2, "name": "kworker/R-scsi_tmf_21"}
{"timestamp": "2026-01-17T06:38:44.065858+00:00", "pid": 167, "ppid": 2, "name": "scsi_eh_22"}
{"timestamp": "2026-01-17T06:38:44.065990+00:00", "pid": 168, "ppid": 2, "name": "kworker/R-scsi_tmf_22"}
{"timestamp": "2026-01-17T06:38:44.066107+00:00", "pid": 169, "ppid": 2, "name": "scsi_eh_23"}
{"timestamp": "2026-01-17T06:38:44.066273+00:00", "pid": 170, "ppid": 2, "name": "kworker/R-scsi_tmf_23"}
{"timestamp": "2026-01-17T06:38:44.066395+00:00", "pid": 171, "ppid": 2, "name": "scsi_eh_24"}
{"timestamp": "2026-01-17T06:38:44.066522+00:00", "pid": 172, "ppid": 2, "name": "kworker/R-scsi_tmf_24"}
{"timestamp": "2026-01-17T06:38:44.066622+00:00", "pid": 173, "ppid": 2, "name": "scsi_eh_25"}
{"timestamp": "2026-01-17T06:38:44.066748+00:00", "pid": 174, "ppid": 2, "name": "kworker/R-scsi_tmf_25"}
{"timestamp": "2026-01-17T06:38:44.066857+00:00", "pid": 175, "ppid": 2, "name": "scsi_eh_26"}
{"timestamp": "2026-01-17T06:38:44.066996+00:00", "pid": 176, "ppid": 2, "name": "kworker/R-scsi_tmf_26"}
{"timestamp": "2026-01-17T06:38:44.067121+00:00", "pid": 177, "ppid": 2, "name": "scsi_eh_27"}
{"timestamp": "2026-01-17T06:38:44.067271+00:00", "pid": 178, "ppid": 2, "name": "kworker/R-scsi_tmf_27"}
{"timestamp": "2026-01-17T06:38:44.067426+00:00", "pid": 179, "ppid": 2, "name": "scsi_eh_28"}
{"timestamp": "2026-01-17T06:38:44.067605+00:00", "pid": 180, "ppid": 2, "name": "kworker/R-scsi_tmf_28"}
{"timestamp": "2026-01-17T06:38:44.067723+00:00", "pid": 181, "ppid": 2, "name": "scsi_eh_29"}
{"timestamp": "2026-01-17T06:38:44.068063+00:00", "pid": 182, "ppid": 2, "name": "kworker/R-scsi_tmf_29"}
{"timestamp": "2026-01-17T06:38:44.068287+00:00", "pid": 184, "ppid": 2, "name": "scsi_eh_30"}
{"timestamp": "2026-01-17T06:38:44.068441+00:00", "pid": 186, "ppid": 2, "name": "kworker/R-scsi_tmf_30"}
{"timestamp": "2026-01-17T06:38:44.068693+00:00", "pid": 189, "ppid": 2, "name": "scsi_eh_31"}
{"timestamp": "2026-01-17T06:38:44.068874+00:00", "pid": 192, "ppid": 2, "name": "kworker/R-scsi_tmf_31"}
{"timestamp": "2026-01-17T06:38:44.069069+00:00", "pid": 213, "ppid": 2, "name": "kworker/R-dm_bufio_cache"}
{"timestamp": "2026-01-17T06:38:44.069340+00:00", "pid": 221, "ppid": 2, "name": "kworker/R-mld"}
{"timestamp": "2026-01-17T06:38:44.069590+00:00", "pid": 222, "ppid": 2, "name": "kworker/R-ipv6_addrconf"}
{"timestamp": "2026-01-17T06:38:44.069866+00:00", "pid": 223, "ppid": 2, "name": "kworker/4:1H-kblockd"}
{"timestamp": "2026-01-17T06:38:44.070020+00:00", "pid": 225, "ppid": 2, "name": "kworker/R-kstrp"}
{"timestamp": "2026-01-17T06:38:44.070217+00:00", "pid": 238, "ppid": 2, "name": "kworker/u515:0"}
{"timestamp": "2026-01-17T06:38:44.070401+00:00", "pid": 239, "ppid": 2, "name": "kworker/u516:0-ttm"}
{"timestamp": "2026-01-17T06:38:44.070672+00:00", "pid": 240, "ppid": 2, "name": "kworker/u517:0"}
{"timestamp": "2026-01-17T06:38:44.070910+00:00", "pid": 308, "ppid": 2, "name": "kworker/1:1H-kblockd"}
{"timestamp": "2026-01-17T06:38:44.071205+00:00", "pid": 309, "ppid": 2, "name": "kworker/0:1H-kblockd"}
{"timestamp": "2026-01-17T06:38:44.071375+00:00", "pid": 351, "ppid": 2, "name": "kworker/2:1H-kblockd"}
{"timestamp": "2026-01-17T06:38:44.071534+00:00", "pid": 354, "ppid": 2, "name": "kworker/5:1H-kblockd"}
{"timestamp": "2026-01-17T06:38:44.071785+00:00", "pid": 507, "ppid": 2, "name": "irq/16-vmwgfx"}
{"timestamp": "2026-01-17T06:38:44.071928+00:00", "pid": 508, "ppid": 2, "name": "kworker/R-ttm"}
{"timestamp": "2026-01-17T06:38:44.072124+00:00", "pid": 509, "ppid": 2, "name": "kworker/R-nvme-wq"}
{"timestamp": "2026-01-17T06:38:44.072290+00:00", "pid": 510, "ppid": 2, "name": "kworker/R-nvme-reset-wq"}
{"timestamp": "2026-01-17T06:38:44.072426+00:00", "pid": 511, "ppid": 2, "name": "kworker/R-nvme-delete-wq"}
{"timestamp": "2026-01-17T06:38:44.072571+00:00", "pid": 512, "ppid": 2, "name": "kworker/R-nvme-auth-wq"}
{"timestamp": "2026-01-17T06:38:44.072850+00:00", "pid": 539, "ppid": 2, "name": "kworker/R-btrfs-worker"}
{"timestamp": "2026-01-17T06:38:44.073295+00:00", "pid": 540, "ppid": 2, "name": "kworker/R-btrfs-delalloc"}
{"timestamp": "2026-01-17T06:38:44.073590+00:00", "pid": 541, "ppid": 2, "name": "kworker/R-btrfs-flush_delalloc"}
{"timestamp": "2026-01-17T06:38:44.073781+00:00", "pid": 542, "ppid": 2, "name": "kworker/R-btrfs-cache"}
{"timestamp": "2026-01-17T06:38:44.073944+00:00", "pid": 543, "ppid": 2, "name": "kworker/R-btrfs-fixup"}
{"timestamp": "2026-01-17T06:38:44.074168+00:00", "pid": 544, "ppid": 2, "name": "kworker/R-btrfs-endio"}
{"timestamp": "2026-01-17T06:38:44.074651+00:00", "pid": 545, "ppid": 2, "name": "kworker/R-btrfs-endio-meta"}
{"timestamp": "2026-01-17T06:38:44.075034+00:00", "pid": 546, "ppid": 2, "name": "kworker/R-btrfs-rmw"}
{"timestamp": "2026-01-17T06:38:44.075378+00:00", "pid": 547, "ppid": 2, "name": "kworker/R-btrfs-endio-write"}
{"timestamp": "2026-01-17T06:38:44.075634+00:00", "pid": 548, "ppid": 2, "name": "kworker/R-btrfs-compressed-write"}
{"timestamp": "2026-01-17T06:38:44.075922+00:00", "pid": 549, "ppid": 2, "name": "kworker/R-btrfs-freespace-write"}
{"timestamp": "2026-01-17T06:38:44.076340+00:00", "pid": 550, "ppid": 2, "name": "kworker/R-btrfs-delayed-meta"}
{"timestamp": "2026-01-17T06:38:44.077342+00:00", "pid": 551, "ppid": 2, "name": "kworker/R-btrfs-qgroup-rescan"}
{"timestamp": "2026-01-17T06:38:44.078220+00:00", "pid": 552, "ppid": 2, "name": "btrfs-cleaner"}
{"timestamp": "2026-01-17T06:38:44.078591+00:00", "pid": 553, "ppid": 2, "name": "btrfs-transaction"}
{"timestamp": "2026-01-17T06:38:44.078797+00:00", "pid": 633, "ppid": 2, "name": "irq/73-vmw_vmci"}
{"timestamp": "2026-01-17T06:38:44.078969+00:00", "pid": 634, "ppid": 2, "name": "irq/74-vmw_vmci"}
{"timestamp": "2026-01-17T06:38:44.079194+00:00", "pid": 635, "ppid": 2, "name": "irq/75-vmw_vmci"}
{"timestamp": "2026-01-17T06:38:44.079405+00:00", "pid": 648, "ppid": 1, "name": "systemd-journald"}
{"timestamp": "2026-01-17T06:38:44.079580+00:00", "pid": 680, "ppid": 1, "name": "systemd-userdbd"}
{"timestamp": "2026-01-17T06:38:44.079726+00:00", "pid": 690, "ppid": 1, "name": "systemd-udevd"}
{"timestamp": "2026-01-17T06:38:44.080221+00:00", "pid": 691, "ppid": 2, "name": "psimon"}
{"timestamp": "2026-01-17T06:38:44.080984+00:00", "pid": 750, "ppid": 2, "name": "jbd2/nvme0n1p2-8"}
{"timestamp": "2026-01-17T06:38:44.081581+00:00", "pid": 751, "ppid": 2, "name": "kworker/R-ext4-rsv-conversion"}
{"timestamp": "2026-01-17T06:38:44.081893+00:00", "pid": 771, "ppid": 1, "name": "auditd"}
{"timestamp": "2026-01-17T06:38:44.082357+00:00", "pid": 774, "ppid": 1, "name": "systemd-resolved"}
{"timestamp": "2026-01-17T06:38:44.083145+00:00", "pid": 804, "ppid": 1, "name": "dbus-broker-launch"}
{"timestamp": "2026-01-17T06:38:44.083638+00:00", "pid": 806, "ppid": 804, "name": "dbus-broker"}
{"timestamp": "2026-01-17T06:38:44.083977+00:00", "pid": 814, "ppid": 1, "name": "avahi-daemon"}
{"timestamp": "2026-01-17T06:38:44.084443+00:00", "pid": 820, "ppid": 1, "name": "irqbalance"}
{"timestamp": "2026-01-17T06:38:44.084700+00:00", "pid": 823, "ppid": 1, "name": "chronyd"}
{"timestamp": "2026-01-17T06:38:44.085051+00:00", "pid": 825, "ppid": 1, "name": "low-memory-monitor"}
{"timestamp": "2026-01-17T06:38:44.085577+00:00", "pid": 827, "ppid": 1, "name": "mcelog"}
{"timestamp": "2026-01-17T06:38:44.085812+00:00", "pid": 829, "ppid": 1, "name": "polkitd"}
{"timestamp": "2026-01-17T06:38:44.086065+00:00", "pid": 830, "ppid": 1, "name": "rtkit-daemon"}
{"timestamp": "2026-01-17T06:38:44.086346+00:00", "pid": 831, "ppid": 1, "name": "switcheroo-control"}
{"timestamp": "2026-01-17T06:38:44.086500+00:00", "pid": 836, "ppid": 2, "name": "psimon"}
{"timestamp": "2026-01-17T06:38:44.087220+00:00", "pid": 837, "ppid": 1, "name": "systemd-machined"}
{"timestamp": "2026-01-17T06:38:44.087661+00:00", "pid": 839, "ppid": 1, "name": "udisksd"}
{"timestamp": "2026-01-17T06:38:44.087971+00:00", "pid": 840, "ppid": 1, "name": "upowerd"}
{"timestamp": "2026-01-17T06:38:44.088168+00:00", "pid": 841, "ppid": 1, "name": "VGAuthService"}
{"timestamp": "2026-01-17T06:38:44.088313+00:00", "pid": 843, "ppid": 1, "name": "vmtoolsd"}
{"timestamp": "2026-01-17T06:38:44.088442+00:00", "pid": 856, "ppid": 1, "name": "abrtd"}
{"timestamp": "2026-01-17T06:38:44.088564+00:00", "pid": 865, "ppid": 814, "name": "avahi-daemon"}
{"timestamp": "2026-01-17T06:38:44.088722+00:00", "pid": 868, "ppid": 1, "name": "accounts-daemon"}
{"timestamp": "2026-01-17T06:38:44.088844+00:00", "pid": 869, "ppid": 1, "name": "systemd-logind"}
{"timestamp": "2026-01-17T06:38:44.088986+00:00", "pid": 925, "ppid": 1, "name": "abrt-dump-journal-core"}
{"timestamp": "2026-01-17T06:38:44.089132+00:00", "pid": 931, "ppid": 1, "name": "abrt-dump-journal-oops"}
{"timestamp": "2026-01-17T06:38:44.089271+00:00", "pid": 945, "ppid": 1, "name": "abrt-dump-journal-xorg"}
{"timestamp": "2026-01-17T06:38:44.089386+00:00", "pid": 958, "ppid": 1, "name": "ModemManager"}
{"timestamp": "2026-01-17T06:38:44.089679+00:00", "pid": 960, "ppid": 1, "name": "firewalld"}
{"timestamp": "2026-01-17T06:38:44.090333+00:00", "pid": 971, "ppid": 2, "name": "kworker/u516:1"}
{"timestamp": "2026-01-17T06:38:44.090561+00:00", "pid": 998, "ppid": 2, "name": "kworker/R-rpciod"}
{"timestamp": "2026-01-17T06:38:44.090794+00:00", "pid": 999, "ppid": 2, "name": "kworker/R-xprtiod"}
{"timestamp": "2026-01-17T06:38:44.090941+00:00", "pid": 1005, "ppid": 1, "name": "alsactl"}
{"timestamp": "2026-01-17T06:38:44.091099+00:00", "pid": 1050, "ppid": 1, "name": "NetworkManager"}
{"timestamp": "2026-01-17T06:38:44.091241+00:00", "pid": 1066, "ppid": 1, "name": "cupsd"}
{"timestamp": "2026-01-17T06:38:44.091366+00:00", "pid": 1067, "ppid": 1, "name": "gssproxy"}
{"timestamp": "2026-01-17T06:38:44.091487+00:00", "pid": 1071, "ppid": 1, "name": "tuned"}
{"timestamp": "2026-01-17T06:38:44.091604+00:00", "pid": 1107, "ppid": 1, "name": "rsyslogd"}
{"timestamp": "2026-01-17T06:38:44.091732+00:00", "pid": 1118, "ppid": 1, "name": "atd"}
{"timestamp": "2026-01-17T06:38:44.091858+00:00", "pid": 1119, "ppid": 1, "name": "crond"}
{"timestamp": "2026-01-17T06:38:44.092225+00:00", "pid": 1121, "ppid": 1, "name": "gdm"}
{"timestamp": "2026-01-17T06:38:44.092449+00:00", "pid": 1192, "ppid": 1, "name": "tuned-ppd"}
{"timestamp": "2026-01-17T06:38:44.092613+00:00", "pid": 1194, "ppid": 1, "name": "uresourced"}
{"timestamp": "2026-01-17T06:38:44.092751+00:00", "pid": 1197, "ppid": 2, "name": "psimon"}
{"timestamp": "2026-01-17T06:38:44.093178+00:00", "pid": 1343, "ppid": 1, "name": "colord"}
{"timestamp": "2026-01-17T06:38:44.093493+00:00", "pid": 1480, "ppid": 1, "name": "pcscd"}
{"timestamp": "2026-01-17T06:38:44.093667+00:00", "pid": 1974, "ppid": 1, "name": "wpa_supplicant"}
{"timestamp": "2026-01-17T06:38:44.093861+00:00", "pid": 2131, "ppid": 1121, "name": "gdm-session-worker"}
{"timestamp": "2026-01-17T06:38:44.094355+00:00", "pid": 2211, "ppid": 1, "name": "systemd"}
{"timestamp": "2026-01-17T06:38:44.094498+00:00", "pid": 2214, "ppid": 2211, "name": "(sd-pam)"}
{"timestamp": "2026-01-17T06:38:44.094652+00:00", "pid": 2232, "ppid": 1, "name": "gnome-keyring-daemon"}
{"timestamp": "2026-01-17T06:38:44.094867+00:00", "pid": 2286, "ppid": 2131, "name": "gdm-wayland-session"}
{"timestamp": "2026-01-17T06:38:44.095271+00:00", "pid": 2302, "ppid": 2211, "name": "dbus-broker-launch"}
{"timestamp": "2026-01-17T06:38:44.095410+00:00", "pid": 2307, "ppid": 2302, "name": "dbus-broker"}
{"timestamp": "2026-01-17T06:38:44.095584+00:00", "pid": 2310, "ppid": 2286, "name": "gnome-session-init-worker"}
{"timestamp": "2026-01-17T06:38:44.095792+00:00", "pid": 2349, "ppid": 2211, "name": "gnome-session-ctl"}
{"timestamp": "2026-01-17T06:38:44.095958+00:00", "pid": 2350, "ppid": 2211, "name": "uresourced"}
{"timestamp": "2026-01-17T06:38:44.096139+00:00", "pid": 2358, "ppid": 2211, "name": "gnome-session-service"}
{"timestamp": "2026-01-17T06:38:44.096283+00:00", "pid": 2359, "ppid": 2211, "name": "gvfsd"}
{"timestamp": "2026-01-17T06:38:44.096462+00:00", "pid": 2370, "ppid": 2211, "name": "gvfsd-fuse"}
{"timestamp": "2026-01-17T06:38:44.096610+00:00", "pid": 2374, "ppid": 2211, "name": "gnome-shell"}
{"timestamp": "2026-01-17T06:38:44.096742+00:00", "pid": 2375, "ppid": 2211, "name": "pipewire"}
{"timestamp": "2026-01-17T06:38:44.096861+00:00", "pid": 2383, "ppid": 2211, "name": "wireplumber"}
{"timestamp": "2026-01-17T06:38:44.097035+00:00", "pid": 2478, "ppid": 2211, "name": "at-spi-bus-launcher"}
{"timestamp": "2026-01-17T06:38:44.097232+00:00", "pid": 2484, "ppid": 2478, "name": "dbus-broker-launch"}
{"timestamp": "2026-01-17T06:38:44.097375+00:00", "pid": 2485, "ppid": 2484, "name": "dbus-broker"}
{"timestamp": "2026-01-17T06:38:44.097535+00:00", "pid": 2486, "ppid": 2211, "name": "at-spi2-registryd"}
{"timestamp": "2026-01-17T06:38:44.097678+00:00", "pid": 2494, "ppid": 2211, "name": "xdg-permission-store"}
{"timestamp": "2026-01-17T06:38:44.097833+00:00", "pid": 2495, "ppid": 2211, "name": "gnome-shell-calendar-server"}
{"timestamp": "2026-01-17T06:38:44.097949+00:00", "pid": 2513, "ppid": 2211, "name": "dconf-service"}
{"timestamp": "2026-01-17T06:38:44.098110+00:00", "pid": 2525, "ppid": 2211, "name": "evolution-source-registry"}
{"timestamp": "2026-01-17T06:38:44.098252+00:00", "pid": 2534, "ppid": 2211, "name": "gjs"}
{"timestamp": "2026-01-17T06:38:44.098369+00:00", "pid": 2543, "ppid": 2211, "name": "ibus-daemon"}
{"timestamp": "2026-01-17T06:38:44.098499+00:00", "pid": 2544, "ppid": 2211, "name": "gsd-a11y-settings"}
{"timestamp": "2026-01-17T06:38:44.098606+00:00", "pid": 2564, "ppid": 2211, "name": "gsd-color"}
{"timestamp": "2026-01-17T06:38:44.098713+00:00", "pid": 2569, "ppid": 2211, "name": "gsd-datetime"}
{"timestamp": "2026-01-17T06:38:44.098845+00:00", "pid": 2572, "ppid": 2211, "name": "gsd-housekeeping"}
{"timestamp": "2026-01-17T06:38:44.098956+00:00", "pid": 2578, "ppid": 2211, "name": "gsd-keyboard"}
{"timestamp": "2026-01-17T06:38:44.099127+00:00", "pid": 2582, "ppid": 2211, "name": "gsd-disk-utility-notify"}
{"timestamp": "2026-01-17T06:38:44.099258+00:00", "pid": 2593, "ppid": 2211, "name": "gsd-media-keys"}
{"timestamp": "2026-01-17T06:38:44.099377+00:00", "pid": 2601, "ppid": 2211, "name": "gsd-power"}
{"timestamp": "2026-01-17T06:38:44.099516+00:00", "pid": 2616, "ppid": 2211, "name": "gsd-print-notifications"}
{"timestamp": "2026-01-17T06:38:44.099625+00:00", "pid": 2629, "ppid": 2211, "name": "vmtoolsd"}
{"timestamp": "2026-01-17T06:38:44.099730+00:00", "pid": 2634, "ppid": 2543, "name": "ibus-dconf"}
{"timestamp": "2026-01-17T06:38:44.099836+00:00", "pid": 2635, "ppid": 2211, "name": "gsd-rfkill"}
{"timestamp": "2026-01-17T06:38:44.099962+00:00", "pid": 2636, "ppid": 2211, "name": "gsd-screensaver-proxy"}
{"timestamp": "2026-01-17T06:38:44.100100+00:00", "pid": 2637, "ppid": 2543, "name": "ibus-extension-gtk3"}
{"timestamp": "2026-01-17T06:38:44.100217+00:00", "pid": 2648, "ppid": 2211, "name": "gsd-sharing"}
{"timestamp": "2026-01-17T06:38:44.100327+00:00", "pid": 2684, "ppid": 2211, "name": "gsd-smartcard"}
{"timestamp": "2026-01-17T06:38:44.100434+00:00", "pid": 2691, "ppid": 2211, "name": "gsd-sound"}
{"timestamp": "2026-01-17T06:38:44.100567+00:00", "pid": 2696, "ppid": 2211, "name": "gsd-usb-protection"}
{"timestamp": "2026-01-17T06:38:44.100679+00:00", "pid": 2707, "ppid": 2211, "name": "gsd-wwan"}
{"timestamp": "2026-01-17T06:38:44.100792+00:00", "pid": 2747, "ppid": 2211, "name": "ibus-portal"}
{"timestamp": "2026-01-17T06:38:44.100912+00:00", "pid": 2750, "ppid": 2211, "name": "abrt-applet"}
{"timestamp": "2026-01-17T06:38:44.101049+00:00", "pid": 2752, "ppid": 2211, "name": "gjs"}
{"timestamp": "2026-01-17T06:38:44.101216+00:00", "pid": 2753, "ppid": 2211, "name": "gvfs-udisks2-volume-monitor"}
{"timestamp": "2026-01-17T06:38:44.101337+00:00", "pid": 2756, "ppid": 2211, "name": "localsearch-3"}
{"timestamp": "2026-01-17T06:38:44.101481+00:00", "pid": 2758, "ppid": 2211, "name": "evolution-alarm-notify"}
{"timestamp": "2026-01-17T06:38:44.101597+00:00", "pid": 2788, "ppid": 2211, "name": "gnome-software"}
{"timestamp": "2026-01-17T06:38:44.101713+00:00", "pid": 2802, "ppid": 2211, "name": "pipewire-pulse"}
{"timestamp": "2026-01-17T06:38:44.101908+00:00", "pid": 2825, "ppid": 2211, "name": "gvfs-mtp-volume-monitor"}
{"timestamp": "2026-01-17T06:38:44.102048+00:00", "pid": 2847, "ppid": 2211, "name": "gvfs-gphoto2-volume-monitor"}
{"timestamp": "2026-01-17T06:38:44.102173+00:00", "pid": 2852, "ppid": 2211, "name": "goa-daemon"}
{"timestamp": "2026-01-17T06:38:44.102421+00:00", "pid": 2866, "ppid": 1, "name": "abrt-dbus"}
{"timestamp": "2026-01-17T06:38:44.102573+00:00", "pid": 2872, "ppid": 2211, "name": "gvfs-goa-volume-monitor"}
{"timestamp": "2026-01-17T06:38:44.102706+00:00", "pid": 2874, "ppid": 2211, "name": "xdg-desktop-portal"}
{"timestamp": "2026-01-17T06:38:44.102838+00:00", "pid": 2893, "ppid": 2211, "name": "evolution-calendar-factory"}
{"timestamp": "2026-01-17T06:38:44.103009+00:00", "pid": 2896, "ppid": 2211, "name": "xdg-document-portal"}
{"timestamp": "2026-01-17T06:38:44.103193+00:00", "pid": 2911, "ppid": 2211, "name": "goa-identity-service"}
{"timestamp": "2026-01-17T06:38:44.103314+00:00", "pid": 2914, "ppid": 2896, "name": "fusermount3"}
{"timestamp": "2026-01-17T06:38:44.103450+00:00", "pid": 2915, "ppid": 2211, "name": "gvfs-afc-volume-monitor"}
{"timestamp": "2026-01-17T06:38:44.103586+00:00", "pid": 2919, "ppid": 2211, "name": "xdg-desktop-portal-gnome"}
{"timestamp": "2026-01-17T06:38:44.103699+00:00", "pid": 2933, "ppid": 2374, "name": "Xwayland"}
{"timestamp": "2026-01-17T06:38:44.103844+00:00", "pid": 2952, "ppid": 2211, "name": "evolution-addressbook-factory"}
{"timestamp": "2026-01-17T06:38:44.103960+00:00", "pid": 2960, "ppid": 2211, "name": "gsd-printer"}
{"timestamp": "2026-01-17T06:38:44.104092+00:00", "pid": 2984, "ppid": 1, "name": "sssd_kcm"}
{"timestamp": "2026-01-17T06:38:44.104236+00:00", "pid": 3020, "ppid": 2543, "name": "ibus-engine-simple"}
{"timestamp": "2026-01-17T06:38:44.104357+00:00", "pid": 3033, "ppid": 2211, "name": "gvfsd-metadata"}
{"timestamp": "2026-01-17T06:38:44.104472+00:00", "pid": 3049, "ppid": 2211, "name": "gsd-xsettings"}
{"timestamp": "2026-01-17T06:38:44.104616+00:00", "pid": 3082, "ppid": 2374, "name": "mutter-x11-frames"}
{"timestamp": "2026-01-17T06:38:44.104727+00:00", "pid": 3086, "ppid": 2211, "name": "ibus-x11"}
{"timestamp": "2026-01-17T06:38:44.104858+00:00", "pid": 3493, "ppid": 2211, "name": "xdg-desktop-portal-gtk"}
{"timestamp": "2026-01-17T06:38:44.104985+00:00", "pid": 3507, "ppid": 2211, "name": "gnome-keyring-daemon"}
{"timestamp": "2026-01-17T06:38:44.105135+00:00", "pid": 3566, "ppid": 1, "name": "fwupd"}
{"timestamp": "2026-01-17T06:38:44.105268+00:00", "pid": 3598, "ppid": 2211, "name": "ptyxis"}
{"timestamp": "2026-01-17T06:38:44.105384+00:00", "pid": 3605, "ppid": 3598, "name": "ptyxis-agent"}
{"timestamp": "2026-01-17T06:38:44.105499+00:00", "pid": 3624, "ppid": 2211, "name": "catatonit"}
{"timestamp": "2026-01-17T06:38:44.105607+00:00", "pid": 3670, "ppid": 3605, "name": "bash"}
{"timestamp": "2026-01-17T06:38:44.105729+00:00", "pid": 3758, "ppid": 3605, "name": "bash"}
{"timestamp": "2026-01-17T06:38:44.105838+00:00", "pid": 3789, "ppid": 3605, "name": "bash"}
{"timestamp": "2026-01-17T06:38:44.105949+00:00", "pid": 3862, "ppid": 3789, "name": "su"}
{"timestamp": "2026-01-17T06:38:44.106180+00:00", "pid": 3877, "ppid": 2543, "name": "python3"}
{"timestamp": "2026-01-17T06:38:44.106347+00:00", "pid": 3891, "ppid": 1, "name": "systemd"}
{"timestamp": "2026-01-17T06:38:44.106476+00:00", "pid": 3894, "ppid": 3891, "name": "(sd-pam)"}
{"timestamp": "2026-01-17T06:38:44.106624+00:00", "pid": 3910, "ppid": 3862, "name": "bash"}
{"timestamp": "2026-01-17T06:38:44.106774+00:00", "pid": 4023, "ppid": 2, "name": "kworker/u514:0-btrfs-delalloc"}
{"timestamp": "2026-01-17T06:38:44.106957+00:00", "pid": 4069, "ppid": 2, "name": "kworker/4:0-events"}
{"timestamp": "2026-01-17T06:38:44.107113+00:00", "pid": 4091, "ppid": 2629, "name": "bwrap"}
{"timestamp": "2026-01-17T06:38:44.107272+00:00", "pid": 4092, "ppid": 4091, "name": "bwrap"}
{"timestamp": "2026-01-17T06:38:44.107449+00:00", "pid": 4093, "ppid": 4092, "name": "glycin-image-rs"}
{"timestamp": "2026-01-17T06:38:44.107607+00:00", "pid": 4203, "ppid": 2, "name": "kworker/1:0-events"}
{"timestamp": "2026-01-17T06:38:44.107759+00:00", "pid": 4249, "ppid": 2, "name": "kworker/2:1-events"}
{"timestamp": "2026-01-17T06:38:44.107900+00:00", "pid": 4260, "ppid": 2, "name": "kworker/u513:3-btrfs-endio-write"}
{"timestamp": "2026-01-17T06:38:44.108044+00:00", "pid": 4333, "ppid": 2, "name": "kworker/u514:2-btrfs-endio-write"}
{"timestamp": "2026-01-17T06:38:44.108204+00:00", "pid": 4343, "ppid": 2, "name": "kworker/u514:6-btrfs-endio-write"}
{"timestamp": "2026-01-17T06:38:44.108351+00:00", "pid": 4400, "ppid": 2, "name": "kworker/3:2-events_freezable"}
{"timestamp": "2026-01-17T06:38:44.108496+00:00", "pid": 4401, "ppid": 2, "name": "kworker/5:0-cgroup_release"}
{"timestamp": "2026-01-17T06:38:44.108635+00:00", "pid": 4412, "ppid": 2, "name": "kworker/u513:0-btrfs-endio-write"}
{"timestamp": "2026-01-17T06:38:44.108767+00:00", "pid": 4414, "ppid": 2, "name": "kworker/u513:1-writeback"}
{"timestamp": "2026-01-17T06:38:44.108894+00:00", "pid": 4428, "ppid": 2, "name": "kworker/0:1-events"}
{"timestamp": "2026-01-17T06:38:44.109022+00:00", "pid": 4430, "ppid": 2, "name": "kworker/1:1-mm_percpu_wq"}
{"timestamp": "2026-01-17T06:38:44.109207+00:00", "pid": 4436, "ppid": 2, "name": "kworker/4:1-events"}
{"timestamp": "2026-01-17T06:38:44.109342+00:00", "pid": 4440, "ppid": 2, "name": "kworker/5:2-events"}
{"timestamp": "2026-01-17T06:38:44.109478+00:00", "pid": 4445, "ppid": 2, "name": "kworker/0:0-events"}
{"timestamp": "2026-01-17T06:38:44.109794+00:00", "pid": 4478, "ppid": 1, "name": "anacron"}
{"timestamp": "2026-01-17T06:38:44.109927+00:00", "pid": 4484, "ppid": 2, "name": "kworker/u513:2-events_unbound"}
{"timestamp": "2026-01-17T06:38:44.110050+00:00", "pid": 4485, "ppid": 2, "name": "kworker/u513:4-events_unbound"}
{"timestamp": "2026-01-17T06:38:44.110192+00:00", "pid": 4486, "ppid": 2, "name": "kworker/u513:5-btrfs-endio-write"}
{"timestamp": "2026-01-17T06:38:44.110319+00:00", "pid": 4487, "ppid": 2, "name": "kworker/u513:6-btrfs-endio-write"}
{"timestamp": "2026-01-17T06:38:44.110452+00:00", "pid": 4488, "ppid": 2, "name": "kworker/u513:7-btrfs-endio-write"}
{"timestamp": "2026-01-17T06:38:44.110579+00:00", "pid": 4489, "ppid": 2, "name": "kworker/u513:8-btrfs-endio-write"}
{"timestamp": "2026-01-17T06:38:44.110686+00:00", "pid": 4492, "ppid": 3758, "name": "su"}
{"timestamp": "2026-01-17T06:38:44.110790+00:00", "pid": 4505, "ppid": 1, "name": "systemd"}
{"timestamp": "2026-01-17T06:38:44.110922+00:00", "pid": 4508, "ppid": 4505, "name": "(sd-pam)"}
{"timestamp": "2026-01-17T06:38:44.111034+00:00", "pid": 4524, "ppid": 4492, "name": "bash"}
{"timestamp": "2026-01-17T06:38:44.111176+00:00", "pid": 4596, "ppid": 2, "name": "kworker/u514:1-events_unbound"}
{"timestamp": "2026-01-17T06:38:44.111305+00:00", "pid": 4597, "ppid": 2, "name": "kworker/u514:3-btrfs-endio-write"}
{"timestamp": "2026-01-17T06:38:44.111437+00:00", "pid": 4598, "ppid": 2, "name": "kworker/u514:4-btrfs-endio-write"}
{"timestamp": "2026-01-17T06:38:44.111563+00:00", "pid": 4600, "ppid": 2, "name": "kworker/3:0-events"}
{"timestamp": "2026-01-17T06:38:44.111689+00:00", "pid": 4601, "ppid": 2, "name": "kworker/2:0-mm_percpu_wq"}
{"timestamp": "2026-01-17T06:38:44.111814+00:00", "pid": 4638, "ppid": 2, "name": "kworker/5:1-events"}
{"timestamp": "2026-01-17T06:38:44.111946+00:00", "pid": 4649, "ppid": 2, "name": "kworker/0:2-events"}
{"timestamp": "2026-01-17T06:38:44.112101+00:00", "pid": 4706, "ppid": 680, "name": "systemd-userwork:"}
{"timestamp": "2026-01-17T06:38:44.112235+00:00", "pid": 4709, "ppid": 680, "name": "systemd-userwork:"}
{"timestamp": "2026-01-17T06:38:44.112362+00:00", "pid": 4714, "ppid": 2, "name": "kworker/1:2-mm_percpu_wq"}
{"timestamp": "2026-01-17T06:38:44.112479+00:00", "pid": 4752, "ppid": 2, "name": "kworker/u514:5"}
{"timestamp": "2026-01-17T06:38:44.112604+00:00", "pid": 4782, "ppid": 680, "name": "systemd-userwork:"}
{"timestamp": "2026-01-17T06:38:44.112730+00:00", "pid": 4809, "ppid": 2, "name": "kworker/3:1-events"}
{"timestamp": "2026-01-17T06:38:44.112862+00:00", "pid": 4816, "ppid": 3910, "name": "python3"}
{"timestamp": "2026-01-17T06:38:44.112980+00:00", "pid": 4817, "ppid": 4816, "name": "python3"}
{"timestamp": "2026-01-17T06:38:44.113131+00:00", "pid": 4818, "ppid": 4816, "name": "python3"}
{"timestamp": "2026-01-17T06:38:44.341020+00:00", "pid": 4822, "ppid": 2, "name": "kworker/2:2"}
{"timestamp": "2026-01-17T06:38:48.115866+00:00", "pid": 4837, "ppid": 1, "name": "python3"}
{"timestamp": "2026-01-17T06:38:48.116063+00:00", "pid": 4838, "ppid": 4837, "name": "sleep"}
{"timestamp": "2026-01-17T06:38:48.116213+00:00", "pid": 4839, "ppid": 4837, "name": "sleep"}
{"timestamp": "2026-01-17T06:38:48.116370+00:00", "pid": 4840, "ppid": 4837, "name": "sleep"}
{"timestamp": "2026-01-17T06:38:48.116505+00:00", "pid": 4841, "ppid": 4837, "name": "sleep"}
{"timestamp": "2026-01-17T06:38:48.116616+00:00", "pid": 4842, "ppid": 4837, "name": "sleep"}
{"timestamp": "2026-01-17T06:38:48.116730+00:00", "pid": 4843, "ppid": 4837, "name": "sleep"}
{"timestamp": "2026-01-17T06:38:48.116851+00:00", "pid": 4844, "ppid": 4837, "name": "sleep"}
{"timestamp": "2026-01-17T06:38:48.116970+00:00", "pid": 4845, "ppid": 4837, "name": "sleep"}
